<?xml version="1.0" encoding="utf-8" ?>
<!DOCTYPE html PUBLIC "-//W3C//DTD XHTML 1.0 Strict//EN"
        "http://www.w3.org/TR/xhtml1/DTD/xhtml1-strict.dtd">
<html xmlns="http://www.w3.org/1999/xhtml" xml:lang="" lang="">
<head>
  <title>Test Results Report - CommunityCricketPage</title>
  <meta http-equiv="Content-Type" content="text/html;charset=utf-8" />
  <meta name="description" content="TestNG unit test results." />
  <link href="reportng.css" rel="stylesheet" type="text/css" />
    <script type="text/javascript" src="reportng.js"></script>
</head>
<body>
<h1>CommunityCricketPage</h1>
<p>
  Test duration: 1161.205s
</p>



  <table class="resultsTable">
    <tr><th colspan="3" class="header failed">Failed Tests</th></tr>
          <tr>
        <td colspan="3" class="group">com.ca.CommunityCricketPageTestcases.FacilitiesAndFundingPageTest</td>
      </tr>
            
<tr>
  <td class="method">
                  VerifyFacilityguidelinesslinkPageTest
      </td>
  <td class="duration">
    27.583s
  </td>
  <td class="result">
        
    
            <div class="testOutput">
                        Click to see Screenshot
                                <a target="_blank" href=Mon_May_02_13_44_07_IST_2022.png>Screenshot</a>
                                <br>
                                <br>
                                <a target="_blank" href=Mon_May_02_13_44_07_IST_2022.png><img src=Mon_May_02_13_44_07_IST_2022.png height=200 width=200></img></a>
                  </div>
    

        <a href="javascript:toggleElement('exception-0', 'block')" title="Click to expand/collapse"><b>java.lang.AssertionError: The following asserts failed:<br/>
	expected [https://www.community.cricket.com.au/clubs/facilities/facilities-guidelines] but found [https://www.community.cricket.com.au/clubs/running-your-club/facilities-and-infrastructure/facilities-guidelines]</b></a><br />
    <div class="stackTrace" id="exception-0">
              org.testng.asserts.SoftAssert.assertAll(SoftAssert.java:47)<br />
              org.testng.asserts.SoftAssert.assertAll(SoftAssert.java:31)<br />
              com.CA.CommunityCricketPage.FacilitiesAndFundingPage.VerifyFacilityguidelinesslinkPage(FacilitiesAndFundingPage.java:202)<br />
              com.ca.CommunityCricketPageTestcases.FacilitiesAndFundingPageTest.VerifyFacilityguidelinesslinkPageTest(FacilitiesAndFundingPageTest.java:64)<br />
              java.base/jdk.internal.reflect.NativeMethodAccessorImpl.invoke0(Native Method)<br />
              java.base/jdk.internal.reflect.NativeMethodAccessorImpl.invoke(NativeMethodAccessorImpl.java:78)<br />
              java.base/jdk.internal.reflect.DelegatingMethodAccessorImpl.invoke(DelegatingMethodAccessorImpl.java:43)<br />
              java.base/java.lang.reflect.Method.invoke(Method.java:567)<br />
              org.testng.internal.MethodInvocationHelper.invokeMethod(MethodInvocationHelper.java:133)<br />
              org.testng.internal.TestInvoker.invokeMethod(TestInvoker.java:598)<br />
              org.testng.internal.TestInvoker.invokeTestMethod(TestInvoker.java:173)<br />
              org.testng.internal.MethodRunner.runInSequence(MethodRunner.java:46)<br />
              org.testng.internal.TestInvoker$MethodInvocationAgent.invoke(TestInvoker.java:824)<br />
              org.testng.internal.TestInvoker.invokeTestMethods(TestInvoker.java:146)<br />
              org.testng.internal.TestMethodWorker.invokeTestMethods(TestMethodWorker.java:146)<br />
              org.testng.internal.TestMethodWorker.run(TestMethodWorker.java:128)<br />
              java.base/java.util.ArrayList.forEach(ArrayList.java:1511)<br />
              org.testng.TestRunner.privateRun(TestRunner.java:794)<br />
              org.testng.TestRunner.run(TestRunner.java:596)<br />
              org.testng.SuiteRunner.runTest(SuiteRunner.java:377)<br />
              org.testng.SuiteRunner.runSequentially(SuiteRunner.java:371)<br />
              org.testng.SuiteRunner.privateRun(SuiteRunner.java:332)<br />
              org.testng.SuiteRunner.run(SuiteRunner.java:276)<br />
              org.testng.SuiteRunnerWorker.runSuite(SuiteRunnerWorker.java:53)<br />
              org.testng.SuiteRunnerWorker.run(SuiteRunnerWorker.java:96)<br />
              org.testng.TestNG.runSuitesSequentially(TestNG.java:1212)<br />
              org.testng.TestNG.runSuitesLocally(TestNG.java:1134)<br />
              org.testng.TestNG.runSuites(TestNG.java:1063)<br />
              org.testng.TestNG.run(TestNG.java:1031)<br />
              org.testng.remote.AbstractRemoteTestNG.run(AbstractRemoteTestNG.java:115)<br />
              org.testng.remote.RemoteTestNG.initAndRun(RemoteTestNG.java:251)<br />
              org.testng.remote.RemoteTestNG.main(RemoteTestNG.java:77)<br />
                </div>
      </td>
</tr>
<tr>
  <td class="method">
                  VerifyGrassrootsfundlinkPageTest
      </td>
  <td class="duration">
    31.135s
  </td>
  <td class="result">
        
    
            <div class="testOutput">
                        Click to see Screenshot
                                <a target="_blank" href=Mon_May_02_13_43_38_IST_2022.png>Screenshot</a>
                                <br>
                                <br>
                                <a target="_blank" href=Mon_May_02_13_43_38_IST_2022.png><img src=Mon_May_02_13_43_38_IST_2022.png height=200 width=200></img></a>
                  </div>
    

        <a href="javascript:toggleElement('exception-1', 'block')" title="Click to expand/collapse"><b>java.lang.AssertionError: The following asserts failed:<br/>
	expected [https://www.community.cricket.com.au/clubs/facilities/grassroots-cricket-fund] but found [https://www.community.cricket.com.au/404]</b></a><br />
    <div class="stackTrace" id="exception-1">
              org.testng.asserts.SoftAssert.assertAll(SoftAssert.java:47)<br />
              org.testng.asserts.SoftAssert.assertAll(SoftAssert.java:31)<br />
              com.CA.CommunityCricketPage.FacilitiesAndFundingPage.VerifyGrassrootsfundlinkPage(FacilitiesAndFundingPage.java:184)<br />
              com.ca.CommunityCricketPageTestcases.FacilitiesAndFundingPageTest.VerifyGrassrootsfundlinkPageTest(FacilitiesAndFundingPageTest.java:56)<br />
              java.base/jdk.internal.reflect.NativeMethodAccessorImpl.invoke0(Native Method)<br />
              java.base/jdk.internal.reflect.NativeMethodAccessorImpl.invoke(NativeMethodAccessorImpl.java:78)<br />
              java.base/jdk.internal.reflect.DelegatingMethodAccessorImpl.invoke(DelegatingMethodAccessorImpl.java:43)<br />
              java.base/java.lang.reflect.Method.invoke(Method.java:567)<br />
              org.testng.internal.MethodInvocationHelper.invokeMethod(MethodInvocationHelper.java:133)<br />
              org.testng.internal.TestInvoker.invokeMethod(TestInvoker.java:598)<br />
              org.testng.internal.TestInvoker.invokeTestMethod(TestInvoker.java:173)<br />
              org.testng.internal.MethodRunner.runInSequence(MethodRunner.java:46)<br />
              org.testng.internal.TestInvoker$MethodInvocationAgent.invoke(TestInvoker.java:824)<br />
              org.testng.internal.TestInvoker.invokeTestMethods(TestInvoker.java:146)<br />
              org.testng.internal.TestMethodWorker.invokeTestMethods(TestMethodWorker.java:146)<br />
              org.testng.internal.TestMethodWorker.run(TestMethodWorker.java:128)<br />
              java.base/java.util.ArrayList.forEach(ArrayList.java:1511)<br />
              org.testng.TestRunner.privateRun(TestRunner.java:794)<br />
              org.testng.TestRunner.run(TestRunner.java:596)<br />
              org.testng.SuiteRunner.runTest(SuiteRunner.java:377)<br />
              org.testng.SuiteRunner.runSequentially(SuiteRunner.java:371)<br />
              org.testng.SuiteRunner.privateRun(SuiteRunner.java:332)<br />
              org.testng.SuiteRunner.run(SuiteRunner.java:276)<br />
              org.testng.SuiteRunnerWorker.runSuite(SuiteRunnerWorker.java:53)<br />
              org.testng.SuiteRunnerWorker.run(SuiteRunnerWorker.java:96)<br />
              org.testng.TestNG.runSuitesSequentially(TestNG.java:1212)<br />
              org.testng.TestNG.runSuitesLocally(TestNG.java:1134)<br />
              org.testng.TestNG.runSuites(TestNG.java:1063)<br />
              org.testng.TestNG.run(TestNG.java:1031)<br />
              org.testng.remote.AbstractRemoteTestNG.run(AbstractRemoteTestNG.java:115)<br />
              org.testng.remote.RemoteTestNG.initAndRun(RemoteTestNG.java:251)<br />
              org.testng.remote.RemoteTestNG.main(RemoteTestNG.java:77)<br />
                </div>
      </td>
</tr>
<tr>
  <td class="method">
                  VerifyMoreinfolinkPageTest
      </td>
  <td class="duration">
    6.763s
  </td>
  <td class="result">
        
    
            <div class="testOutput">
                        Click to see Screenshot
                                <a target="_blank" href=Mon_May_02_13_42_07_IST_2022.png>Screenshot</a>
                                <br>
                                <br>
                                <a target="_blank" href=Mon_May_02_13_42_07_IST_2022.png><img src=Mon_May_02_13_42_07_IST_2022.png height=200 width=200></img></a>
                  </div>
    

        <a href="javascript:toggleElement('exception-2', 'block')" title="Click to expand/collapse"><b>org.openqa.selenium.json.JsonException: java.lang.reflect.InvocationTargetException<br/>
Build info: version: &apos;3.14.0&apos;, revision: &apos;aacccce0&apos;, time: &apos;2018-08-02T20:19:58.91Z&apos;<br/>
System info: host: &apos;LP-5CD8184DJ1&apos;, ip: &apos;192.168.0.105&apos;, os.name: &apos;Windows 10&apos;, os.arch: &apos;amd64&apos;, os.version: &apos;10.0&apos;, java.version: &apos;16.0.1&apos;<br/>
Driver info: driver.version: RemoteWebDriver</b></a><br />
    <div class="stackTrace" id="exception-2">
              org.openqa.selenium.json.JsonOutput.convertUsingMethod(JsonOutput.java:315)<br />
              org.openqa.selenium.json.JsonOutput.lambda$new$14(JsonOutput.java:152)<br />
              org.openqa.selenium.json.JsonOutput$SafeBiConsumer.accept(JsonOutput.java:407)<br />
              org.openqa.selenium.json.JsonOutput.write(JsonOutput.java:261)<br />
              org.openqa.selenium.json.JsonOutput.lambda$null$19(JsonOutput.java:165)<br />
              java.base/java.util.LinkedHashMap$LinkedValues.forEach(LinkedHashMap.java:647)<br />
              org.openqa.selenium.json.JsonOutput.lambda$new$20(JsonOutput.java:165)<br />
              org.openqa.selenium.json.JsonOutput$SafeBiConsumer.accept(JsonOutput.java:407)<br />
              org.openqa.selenium.json.JsonOutput.write(JsonOutput.java:261)<br />
              org.openqa.selenium.json.JsonOutput.lambda$null$21(JsonOutput.java:174)<br />
              com.google.common.collect.SingletonImmutableBiMap.forEach(SingletonImmutableBiMap.java:65)<br />
              org.openqa.selenium.json.JsonOutput.lambda$new$22(JsonOutput.java:173)<br />
              org.openqa.selenium.json.JsonOutput$SafeBiConsumer.accept(JsonOutput.java:407)<br />
              org.openqa.selenium.json.JsonOutput.write(JsonOutput.java:261)<br />
              org.openqa.selenium.json.JsonOutput.write(JsonOutput.java:252)<br />
              org.openqa.selenium.json.Json.toJson(Json.java:42)<br />
              org.openqa.selenium.remote.http.AbstractHttpCommandCodec.encode(AbstractHttpCommandCodec.java:227)<br />
              org.openqa.selenium.remote.http.AbstractHttpCommandCodec.encode(AbstractHttpCommandCodec.java:117)<br />
              org.openqa.selenium.remote.HttpCommandExecutor.execute(HttpCommandExecutor.java:152)<br />
              org.openqa.selenium.remote.service.DriverCommandExecutor.execute(DriverCommandExecutor.java:83)<br />
              org.openqa.selenium.remote.RemoteWebDriver.execute(RemoteWebDriver.java:548)<br />
              org.openqa.selenium.remote.RemoteWebDriver.perform(RemoteWebDriver.java:614)<br />
              org.openqa.selenium.interactions.Actions$BuiltAction.perform(Actions.java:640)<br />
              com.CA.CommunityCricketPage.FacilitiesAndFundingPage.VerifyMoreinfolinkPage(FacilitiesAndFundingPage.java:83)<br />
              com.ca.CommunityCricketPageTestcases.FacilitiesAndFundingPageTest.VerifyMoreinfolinkPageTest(FacilitiesAndFundingPageTest.java:30)<br />
              java.base/jdk.internal.reflect.NativeMethodAccessorImpl.invoke0(Native Method)<br />
              java.base/jdk.internal.reflect.NativeMethodAccessorImpl.invoke(NativeMethodAccessorImpl.java:78)<br />
              java.base/jdk.internal.reflect.DelegatingMethodAccessorImpl.invoke(DelegatingMethodAccessorImpl.java:43)<br />
              java.base/java.lang.reflect.Method.invoke(Method.java:567)<br />
              org.testng.internal.MethodInvocationHelper.invokeMethod(MethodInvocationHelper.java:133)<br />
              org.testng.internal.TestInvoker.invokeMethod(TestInvoker.java:598)<br />
              org.testng.internal.TestInvoker.invokeTestMethod(TestInvoker.java:173)<br />
              org.testng.internal.MethodRunner.runInSequence(MethodRunner.java:46)<br />
              org.testng.internal.TestInvoker$MethodInvocationAgent.invoke(TestInvoker.java:824)<br />
              org.testng.internal.TestInvoker.invokeTestMethods(TestInvoker.java:146)<br />
              org.testng.internal.TestMethodWorker.invokeTestMethods(TestMethodWorker.java:146)<br />
              org.testng.internal.TestMethodWorker.run(TestMethodWorker.java:128)<br />
              java.base/java.util.ArrayList.forEach(ArrayList.java:1511)<br />
              org.testng.TestRunner.privateRun(TestRunner.java:794)<br />
              org.testng.TestRunner.run(TestRunner.java:596)<br />
              org.testng.SuiteRunner.runTest(SuiteRunner.java:377)<br />
              org.testng.SuiteRunner.runSequentially(SuiteRunner.java:371)<br />
              org.testng.SuiteRunner.privateRun(SuiteRunner.java:332)<br />
              org.testng.SuiteRunner.run(SuiteRunner.java:276)<br />
              org.testng.SuiteRunnerWorker.runSuite(SuiteRunnerWorker.java:53)<br />
              org.testng.SuiteRunnerWorker.run(SuiteRunnerWorker.java:96)<br />
              org.testng.TestNG.runSuitesSequentially(TestNG.java:1212)<br />
              org.testng.TestNG.runSuitesLocally(TestNG.java:1134)<br />
              org.testng.TestNG.runSuites(TestNG.java:1063)<br />
              org.testng.TestNG.run(TestNG.java:1031)<br />
              org.testng.remote.AbstractRemoteTestNG.run(AbstractRemoteTestNG.java:115)<br />
              org.testng.remote.RemoteTestNG.initAndRun(RemoteTestNG.java:251)<br />
              org.testng.remote.RemoteTestNG.main(RemoteTestNG.java:77)<br />
                    <b>Caused by: </b> <a href="javascript:toggleElement('exception-3', 'block')" title="Click to expand/collapse">java.lang.reflect.InvocationTargetException</a><br />
        <div class="stackTrace" id="exception-3">
                      jdk.internal.reflect.GeneratedMethodAccessor19.invoke(Unknown Source)<br />
                      java.base/jdk.internal.reflect.DelegatingMethodAccessorImpl.invoke(DelegatingMethodAccessorImpl.java:43)<br />
                      java.base/java.lang.reflect.Method.invoke(Method.java:567)<br />
                      org.openqa.selenium.json.JsonOutput.convertUsingMethod(JsonOutput.java:311)<br />
                      org.openqa.selenium.json.JsonOutput.lambda$new$14(JsonOutput.java:152)<br />
                      org.openqa.selenium.json.JsonOutput$SafeBiConsumer.accept(JsonOutput.java:407)<br />
                      org.openqa.selenium.json.JsonOutput.write(JsonOutput.java:261)<br />
                      org.openqa.selenium.json.JsonOutput.lambda$null$19(JsonOutput.java:165)<br />
                      java.base/java.util.LinkedHashMap$LinkedValues.forEach(LinkedHashMap.java:647)<br />
                      org.openqa.selenium.json.JsonOutput.lambda$new$20(JsonOutput.java:165)<br />
                      org.openqa.selenium.json.JsonOutput$SafeBiConsumer.accept(JsonOutput.java:407)<br />
                      org.openqa.selenium.json.JsonOutput.write(JsonOutput.java:261)<br />
                      org.openqa.selenium.json.JsonOutput.lambda$null$21(JsonOutput.java:174)<br />
                      com.google.common.collect.SingletonImmutableBiMap.forEach(SingletonImmutableBiMap.java:65)<br />
                      org.openqa.selenium.json.JsonOutput.lambda$new$22(JsonOutput.java:173)<br />
                      org.openqa.selenium.json.JsonOutput$SafeBiConsumer.accept(JsonOutput.java:407)<br />
                      org.openqa.selenium.json.JsonOutput.write(JsonOutput.java:261)<br />
                      org.openqa.selenium.json.JsonOutput.write(JsonOutput.java:252)<br />
                      org.openqa.selenium.json.Json.toJson(Json.java:42)<br />
                      org.openqa.selenium.remote.http.AbstractHttpCommandCodec.encode(AbstractHttpCommandCodec.java:227)<br />
                      org.openqa.selenium.remote.http.AbstractHttpCommandCodec.encode(AbstractHttpCommandCodec.java:117)<br />
                      org.openqa.selenium.remote.HttpCommandExecutor.execute(HttpCommandExecutor.java:152)<br />
                      org.openqa.selenium.remote.service.DriverCommandExecutor.execute(DriverCommandExecutor.java:83)<br />
                      org.openqa.selenium.remote.RemoteWebDriver.execute(RemoteWebDriver.java:548)<br />
                      org.openqa.selenium.remote.RemoteWebDriver.perform(RemoteWebDriver.java:614)<br />
                      org.openqa.selenium.interactions.Actions$BuiltAction.perform(Actions.java:640)<br />
                      com.CA.CommunityCricketPage.FacilitiesAndFundingPage.VerifyMoreinfolinkPage(FacilitiesAndFundingPage.java:83)<br />
                      com.ca.CommunityCricketPageTestcases.FacilitiesAndFundingPageTest.VerifyMoreinfolinkPageTest(FacilitiesAndFundingPageTest.java:30)<br />
                      java.base/jdk.internal.reflect.NativeMethodAccessorImpl.invoke0(Native Method)<br />
                      java.base/jdk.internal.reflect.NativeMethodAccessorImpl.invoke(NativeMethodAccessorImpl.java:78)<br />
                      java.base/jdk.internal.reflect.DelegatingMethodAccessorImpl.invoke(DelegatingMethodAccessorImpl.java:43)<br />
                      java.base/java.lang.reflect.Method.invoke(Method.java:567)<br />
                      org.testng.internal.MethodInvocationHelper.invokeMethod(MethodInvocationHelper.java:133)<br />
                      org.testng.internal.TestInvoker.invokeMethod(TestInvoker.java:598)<br />
                      org.testng.internal.TestInvoker.invokeTestMethod(TestInvoker.java:173)<br />
                      org.testng.internal.MethodRunner.runInSequence(MethodRunner.java:46)<br />
                      org.testng.internal.TestInvoker$MethodInvocationAgent.invoke(TestInvoker.java:824)<br />
                      org.testng.internal.TestInvoker.invokeTestMethods(TestInvoker.java:146)<br />
                      org.testng.internal.TestMethodWorker.invokeTestMethods(TestMethodWorker.java:146)<br />
                      org.testng.internal.TestMethodWorker.run(TestMethodWorker.java:128)<br />
                      java.base/java.util.ArrayList.forEach(ArrayList.java:1511)<br />
                      org.testng.TestRunner.privateRun(TestRunner.java:794)<br />
                      org.testng.TestRunner.run(TestRunner.java:596)<br />
                      org.testng.SuiteRunner.runTest(SuiteRunner.java:377)<br />
                      org.testng.SuiteRunner.runSequentially(SuiteRunner.java:371)<br />
                      org.testng.SuiteRunner.privateRun(SuiteRunner.java:332)<br />
                      org.testng.SuiteRunner.run(SuiteRunner.java:276)<br />
                      org.testng.SuiteRunnerWorker.runSuite(SuiteRunnerWorker.java:53)<br />
                      org.testng.SuiteRunnerWorker.run(SuiteRunnerWorker.java:96)<br />
                      org.testng.TestNG.runSuitesSequentially(TestNG.java:1212)<br />
                      org.testng.TestNG.runSuitesLocally(TestNG.java:1134)<br />
                      org.testng.TestNG.runSuites(TestNG.java:1063)<br />
                      org.testng.TestNG.run(TestNG.java:1031)<br />
                      org.testng.remote.AbstractRemoteTestNG.run(AbstractRemoteTestNG.java:115)<br />
                      org.testng.remote.RemoteTestNG.initAndRun(RemoteTestNG.java:251)<br />
                      org.testng.remote.RemoteTestNG.main(RemoteTestNG.java:77)<br />
                  </div>
              <b>Caused by: </b> <a href="javascript:toggleElement('exception-4', 'block')" title="Click to expand/collapse">org.openqa.selenium.InvalidSelectorException: invalid selector: Unable to locate an element with the xpath expression &quot;//div[@class=&apos;rte-copy&apos;]//a[contains(text(),&apos;here&apos;)] because of the following error:<br/>
SyntaxError: Failed to execute &apos;evaluate&apos; on &apos;Document&apos;: The string &apos;&quot;//div[@class=&apos;rte-copy&apos;]//a[contains(text(),&apos;here&apos;)]&apos; is not a valid XPath expression.<br/>
&nbsp; (Session info: chrome=100.0.4896.127)<br/>
For documentation on this error, please visit: http://seleniumhq.org/exceptions/invalid_selector_exception.html<br/>
Build info: version: &apos;3.14.0&apos;, revision: &apos;aacccce0&apos;, time: &apos;2018-08-02T20:19:58.91Z&apos;<br/>
System info: host: &apos;LP-5CD8184DJ1&apos;, ip: &apos;192.168.0.105&apos;, os.name: &apos;Windows 10&apos;, os.arch: &apos;amd64&apos;, os.version: &apos;10.0&apos;, java.version: &apos;16.0.1&apos;<br/>
Driver info: org.openqa.selenium.chrome.ChromeDriver<br/>
Capabilities {acceptInsecureCerts: false, browserName: chrome, browserVersion: 100.0.4896.127, chrome: {chromedriverVersion: 100.0.4896.60 (6a5d10861ce8..., userDataDir: C:\Users\SAHIL~1.RAN\AppDat...}, goog:chromeOptions: {debuggerAddress: localhost:64237}, javascriptEnabled: true, networkConnectionEnabled: false, pageLoadStrategy: normal, platform: WINDOWS, platformName: WINDOWS, proxy: Proxy(), setWindowRect: true, strictFileInteractability: false, timeouts: {implicit: 0, pageLoad: 300000, script: 30000}, unhandledPromptBehavior: dismiss and notify, webauthn:extension:credBlob: true, webauthn:extension:largeBlob: true, webauthn:virtualAuthenticators: true}<br/>
Session ID: 5b39e42f56c63a768e755ebbb4932ec8<br/>
*** Element info: {Using=xpath, value=&quot;//div[@class=&apos;rte-copy&apos;]//a[contains(text(),&apos;here&apos;)]}</a><br />
        <div class="stackTrace" id="exception-4">
                      java.base/jdk.internal.reflect.NativeConstructorAccessorImpl.newInstance0(Native Method)<br />
                      java.base/jdk.internal.reflect.NativeConstructorAccessorImpl.newInstance(NativeConstructorAccessorImpl.java:78)<br />
                      java.base/jdk.internal.reflect.DelegatingConstructorAccessorImpl.newInstance(DelegatingConstructorAccessorImpl.java:45)<br />
                      java.base/java.lang.reflect.Constructor.newInstanceWithCaller(Constructor.java:499)<br />
                      java.base/java.lang.reflect.Constructor.newInstance(Constructor.java:480)<br />
                      org.openqa.selenium.remote.http.W3CHttpResponseCodec.createException(W3CHttpResponseCodec.java:187)<br />
                      org.openqa.selenium.remote.http.W3CHttpResponseCodec.decode(W3CHttpResponseCodec.java:122)<br />
                      org.openqa.selenium.remote.http.W3CHttpResponseCodec.decode(W3CHttpResponseCodec.java:49)<br />
                      org.openqa.selenium.remote.HttpCommandExecutor.execute(HttpCommandExecutor.java:158)<br />
                      org.openqa.selenium.remote.service.DriverCommandExecutor.execute(DriverCommandExecutor.java:83)<br />
                      org.openqa.selenium.remote.RemoteWebDriver.execute(RemoteWebDriver.java:548)<br />
                      org.openqa.selenium.remote.RemoteWebDriver.findElement(RemoteWebDriver.java:322)<br />
                      org.openqa.selenium.remote.RemoteWebDriver.findElementByXPath(RemoteWebDriver.java:424)<br />
                      org.openqa.selenium.By$ByXPath.findElement(By.java:353)<br />
                      org.openqa.selenium.remote.RemoteWebDriver.findElement(RemoteWebDriver.java:314)<br />
                      org.openqa.selenium.support.pagefactory.DefaultElementLocator.findElement(DefaultElementLocator.java:69)<br />
                      org.openqa.selenium.support.pagefactory.internal.LocatingElementHandler.invoke(LocatingElementHandler.java:38)<br />
                      jdk.proxy2/jdk.proxy2.$Proxy13.getWrappedElement(Unknown Source)<br />
                      org.openqa.selenium.interactions.PointerInput$Origin.asArg(PointerInput.java:204)<br />
                      org.openqa.selenium.interactions.PointerInput$Move.encode(PointerInput.java:155)<br />
                      org.openqa.selenium.interactions.Sequence.encode(Sequence.java:75)<br />
                      org.openqa.selenium.interactions.Sequence.toJson(Sequence.java:84)<br />
                      jdk.internal.reflect.GeneratedMethodAccessor19.invoke(Unknown Source)<br />
                      java.base/jdk.internal.reflect.DelegatingMethodAccessorImpl.invoke(DelegatingMethodAccessorImpl.java:43)<br />
                      java.base/java.lang.reflect.Method.invoke(Method.java:567)<br />
                      org.openqa.selenium.json.JsonOutput.convertUsingMethod(JsonOutput.java:311)<br />
                      org.openqa.selenium.json.JsonOutput.lambda$new$14(JsonOutput.java:152)<br />
                      org.openqa.selenium.json.JsonOutput$SafeBiConsumer.accept(JsonOutput.java:407)<br />
                      org.openqa.selenium.json.JsonOutput.write(JsonOutput.java:261)<br />
                      org.openqa.selenium.json.JsonOutput.lambda$null$19(JsonOutput.java:165)<br />
                      java.base/java.util.LinkedHashMap$LinkedValues.forEach(LinkedHashMap.java:647)<br />
                      org.openqa.selenium.json.JsonOutput.lambda$new$20(JsonOutput.java:165)<br />
                      org.openqa.selenium.json.JsonOutput$SafeBiConsumer.accept(JsonOutput.java:407)<br />
                      org.openqa.selenium.json.JsonOutput.write(JsonOutput.java:261)<br />
                      org.openqa.selenium.json.JsonOutput.lambda$null$21(JsonOutput.java:174)<br />
                      com.google.common.collect.SingletonImmutableBiMap.forEach(SingletonImmutableBiMap.java:65)<br />
                      org.openqa.selenium.json.JsonOutput.lambda$new$22(JsonOutput.java:173)<br />
                      org.openqa.selenium.json.JsonOutput$SafeBiConsumer.accept(JsonOutput.java:407)<br />
                      org.openqa.selenium.json.JsonOutput.write(JsonOutput.java:261)<br />
                      org.openqa.selenium.json.JsonOutput.write(JsonOutput.java:252)<br />
                      org.openqa.selenium.json.Json.toJson(Json.java:42)<br />
                      org.openqa.selenium.remote.http.AbstractHttpCommandCodec.encode(AbstractHttpCommandCodec.java:227)<br />
                      org.openqa.selenium.remote.http.AbstractHttpCommandCodec.encode(AbstractHttpCommandCodec.java:117)<br />
                      org.openqa.selenium.remote.HttpCommandExecutor.execute(HttpCommandExecutor.java:152)<br />
                      org.openqa.selenium.remote.service.DriverCommandExecutor.execute(DriverCommandExecutor.java:83)<br />
                      org.openqa.selenium.remote.RemoteWebDriver.execute(RemoteWebDriver.java:548)<br />
                      org.openqa.selenium.remote.RemoteWebDriver.perform(RemoteWebDriver.java:614)<br />
                      org.openqa.selenium.interactions.Actions$BuiltAction.perform(Actions.java:640)<br />
                      com.CA.CommunityCricketPage.FacilitiesAndFundingPage.VerifyMoreinfolinkPage(FacilitiesAndFundingPage.java:83)<br />
                      com.ca.CommunityCricketPageTestcases.FacilitiesAndFundingPageTest.VerifyMoreinfolinkPageTest(FacilitiesAndFundingPageTest.java:30)<br />
                      java.base/jdk.internal.reflect.NativeMethodAccessorImpl.invoke0(Native Method)<br />
                      java.base/jdk.internal.reflect.NativeMethodAccessorImpl.invoke(NativeMethodAccessorImpl.java:78)<br />
                      java.base/jdk.internal.reflect.DelegatingMethodAccessorImpl.invoke(DelegatingMethodAccessorImpl.java:43)<br />
                      java.base/java.lang.reflect.Method.invoke(Method.java:567)<br />
                      org.testng.internal.MethodInvocationHelper.invokeMethod(MethodInvocationHelper.java:133)<br />
                      org.testng.internal.TestInvoker.invokeMethod(TestInvoker.java:598)<br />
                      org.testng.internal.TestInvoker.invokeTestMethod(TestInvoker.java:173)<br />
                      org.testng.internal.MethodRunner.runInSequence(MethodRunner.java:46)<br />
                      org.testng.internal.TestInvoker$MethodInvocationAgent.invoke(TestInvoker.java:824)<br />
                      org.testng.internal.TestInvoker.invokeTestMethods(TestInvoker.java:146)<br />
                      org.testng.internal.TestMethodWorker.invokeTestMethods(TestMethodWorker.java:146)<br />
                      org.testng.internal.TestMethodWorker.run(TestMethodWorker.java:128)<br />
                      java.base/java.util.ArrayList.forEach(ArrayList.java:1511)<br />
                      org.testng.TestRunner.privateRun(TestRunner.java:794)<br />
                      org.testng.TestRunner.run(TestRunner.java:596)<br />
                      org.testng.SuiteRunner.runTest(SuiteRunner.java:377)<br />
                      org.testng.SuiteRunner.runSequentially(SuiteRunner.java:371)<br />
                      org.testng.SuiteRunner.privateRun(SuiteRunner.java:332)<br />
                      org.testng.SuiteRunner.run(SuiteRunner.java:276)<br />
                      org.testng.SuiteRunnerWorker.runSuite(SuiteRunnerWorker.java:53)<br />
                      org.testng.SuiteRunnerWorker.run(SuiteRunnerWorker.java:96)<br />
                      org.testng.TestNG.runSuitesSequentially(TestNG.java:1212)<br />
                      org.testng.TestNG.runSuitesLocally(TestNG.java:1134)<br />
                      org.testng.TestNG.runSuites(TestNG.java:1063)<br />
                      org.testng.TestNG.run(TestNG.java:1031)<br />
                      org.testng.remote.AbstractRemoteTestNG.run(AbstractRemoteTestNG.java:115)<br />
                      org.testng.remote.RemoteTestNG.initAndRun(RemoteTestNG.java:251)<br />
                      org.testng.remote.RemoteTestNG.main(RemoteTestNG.java:77)<br />
                  </div>
          </div>
      </td>
</tr>
          <tr>
        <td colspan="3" class="group">com.ca.CommunityCricketPageTestcases.GetInvolvedTestcases</td>
      </tr>
            
<tr>
  <td class="method">
                  verifyCoachCricket
      </td>
  <td class="duration">
    23.466s
  </td>
  <td class="result">
        
    
            <div class="testOutput">
                        Click to see Screenshot
                                <a target="_blank" href=Mon_May_02_13_35_30_IST_2022.png>Screenshot</a>
                                <br>
                                <br>
                                <a target="_blank" href=Mon_May_02_13_35_30_IST_2022.png><img src=Mon_May_02_13_35_30_IST_2022.png height=200 width=200></img></a>
                  </div>
    

        <a href="javascript:toggleElement('exception-5', 'block')" title="Click to expand/collapse"><b>java.lang.AssertionError: The following asserts failed:<br/>
	expected [https://community.cricket.com.au/coach] but found [https://www.community.cricket.com.au/coach]</b></a><br />
    <div class="stackTrace" id="exception-5">
              org.testng.asserts.SoftAssert.assertAll(SoftAssert.java:47)<br />
              org.testng.asserts.SoftAssert.assertAll(SoftAssert.java:31)<br />
              com.CA.CommunityCricketPage.GetInvolved.CoachCricket(GetInvolved.java:247)<br />
              com.ca.CommunityCricketPageTestcases.GetInvolvedTestcases.verifyCoachCricket(GetInvolvedTestcases.java:42)<br />
              java.base/jdk.internal.reflect.NativeMethodAccessorImpl.invoke0(Native Method)<br />
              java.base/jdk.internal.reflect.NativeMethodAccessorImpl.invoke(NativeMethodAccessorImpl.java:78)<br />
              java.base/jdk.internal.reflect.DelegatingMethodAccessorImpl.invoke(DelegatingMethodAccessorImpl.java:43)<br />
              java.base/java.lang.reflect.Method.invoke(Method.java:567)<br />
              org.testng.internal.MethodInvocationHelper.invokeMethod(MethodInvocationHelper.java:133)<br />
              org.testng.internal.TestInvoker.invokeMethod(TestInvoker.java:598)<br />
              org.testng.internal.TestInvoker.invokeTestMethod(TestInvoker.java:173)<br />
              org.testng.internal.MethodRunner.runInSequence(MethodRunner.java:46)<br />
              org.testng.internal.TestInvoker$MethodInvocationAgent.invoke(TestInvoker.java:824)<br />
              org.testng.internal.TestInvoker.invokeTestMethods(TestInvoker.java:146)<br />
              org.testng.internal.TestMethodWorker.invokeTestMethods(TestMethodWorker.java:146)<br />
              org.testng.internal.TestMethodWorker.run(TestMethodWorker.java:128)<br />
              java.base/java.util.ArrayList.forEach(ArrayList.java:1511)<br />
              org.testng.TestRunner.privateRun(TestRunner.java:794)<br />
              org.testng.TestRunner.run(TestRunner.java:596)<br />
              org.testng.SuiteRunner.runTest(SuiteRunner.java:377)<br />
              org.testng.SuiteRunner.runSequentially(SuiteRunner.java:371)<br />
              org.testng.SuiteRunner.privateRun(SuiteRunner.java:332)<br />
              org.testng.SuiteRunner.run(SuiteRunner.java:276)<br />
              org.testng.SuiteRunnerWorker.runSuite(SuiteRunnerWorker.java:53)<br />
              org.testng.SuiteRunnerWorker.run(SuiteRunnerWorker.java:96)<br />
              org.testng.TestNG.runSuitesSequentially(TestNG.java:1212)<br />
              org.testng.TestNG.runSuitesLocally(TestNG.java:1134)<br />
              org.testng.TestNG.runSuites(TestNG.java:1063)<br />
              org.testng.TestNG.run(TestNG.java:1031)<br />
              org.testng.remote.AbstractRemoteTestNG.run(AbstractRemoteTestNG.java:115)<br />
              org.testng.remote.RemoteTestNG.initAndRun(RemoteTestNG.java:251)<br />
              org.testng.remote.RemoteTestNG.main(RemoteTestNG.java:77)<br />
                </div>
      </td>
</tr>
          <tr>
        <td colspan="3" class="group">com.ca.CommunityCricketPageTestcases.VolunteersPageTest</td>
      </tr>
            
<tr>
  <td class="method">
                  VerifyPlaycricketlinkPageTest
      </td>
  <td class="duration">
    36.881s
  </td>
  <td class="result">
        
    
            <div class="testOutput">
                        Click to see Screenshot
                                <a target="_blank" href=Mon_May_02_13_46_39_IST_2022.png>Screenshot</a>
                                <br>
                                <br>
                                <a target="_blank" href=Mon_May_02_13_46_39_IST_2022.png><img src=Mon_May_02_13_46_39_IST_2022.png height=200 width=200></img></a>
                  </div>
    

        <a href="javascript:toggleElement('exception-6', 'block')" title="Click to expand/collapse"><b>java.lang.AssertionError: The following asserts failed:<br/>
	expected [http://www.playcricket.com.au/] but found [http://www.playcricket.com.a/]</b></a><br />
    <div class="stackTrace" id="exception-6">
              org.testng.asserts.SoftAssert.assertAll(SoftAssert.java:47)<br />
              org.testng.asserts.SoftAssert.assertAll(SoftAssert.java:31)<br />
              com.CA.CommunityCricketPage.VolunteersPage.VerifyPlaycricketlinkPage(VolunteersPage.java:86)<br />
              com.ca.CommunityCricketPageTestcases.VolunteersPageTest.VerifyPlaycricketlinkPageTest(VolunteersPageTest.java:29)<br />
              java.base/jdk.internal.reflect.NativeMethodAccessorImpl.invoke0(Native Method)<br />
              java.base/jdk.internal.reflect.NativeMethodAccessorImpl.invoke(NativeMethodAccessorImpl.java:78)<br />
              java.base/jdk.internal.reflect.DelegatingMethodAccessorImpl.invoke(DelegatingMethodAccessorImpl.java:43)<br />
              java.base/java.lang.reflect.Method.invoke(Method.java:567)<br />
              org.testng.internal.MethodInvocationHelper.invokeMethod(MethodInvocationHelper.java:133)<br />
              org.testng.internal.TestInvoker.invokeMethod(TestInvoker.java:598)<br />
              org.testng.internal.TestInvoker.invokeTestMethod(TestInvoker.java:173)<br />
              org.testng.internal.MethodRunner.runInSequence(MethodRunner.java:46)<br />
              org.testng.internal.TestInvoker$MethodInvocationAgent.invoke(TestInvoker.java:824)<br />
              org.testng.internal.TestInvoker.invokeTestMethods(TestInvoker.java:146)<br />
              org.testng.internal.TestMethodWorker.invokeTestMethods(TestMethodWorker.java:146)<br />
              org.testng.internal.TestMethodWorker.run(TestMethodWorker.java:128)<br />
              java.base/java.util.ArrayList.forEach(ArrayList.java:1511)<br />
              org.testng.TestRunner.privateRun(TestRunner.java:794)<br />
              org.testng.TestRunner.run(TestRunner.java:596)<br />
              org.testng.SuiteRunner.runTest(SuiteRunner.java:377)<br />
              org.testng.SuiteRunner.runSequentially(SuiteRunner.java:371)<br />
              org.testng.SuiteRunner.privateRun(SuiteRunner.java:332)<br />
              org.testng.SuiteRunner.run(SuiteRunner.java:276)<br />
              org.testng.SuiteRunnerWorker.runSuite(SuiteRunnerWorker.java:53)<br />
              org.testng.SuiteRunnerWorker.run(SuiteRunnerWorker.java:96)<br />
              org.testng.TestNG.runSuitesSequentially(TestNG.java:1212)<br />
              org.testng.TestNG.runSuitesLocally(TestNG.java:1134)<br />
              org.testng.TestNG.runSuites(TestNG.java:1063)<br />
              org.testng.TestNG.run(TestNG.java:1031)<br />
              org.testng.remote.AbstractRemoteTestNG.run(AbstractRemoteTestNG.java:115)<br />
              org.testng.remote.RemoteTestNG.initAndRun(RemoteTestNG.java:251)<br />
              org.testng.remote.RemoteTestNG.main(RemoteTestNG.java:77)<br />
                </div>
      </td>
</tr>
      </table>


  <table class="resultsTable">
    <tr><th colspan="3" class="header passed">Passed Tests</th></tr>
          <tr>
        <td colspan="3" class="group">com.ca.CommunityCricketPageTestcases.ChildSafePolicyPageTest</td>
      </tr>
            
<tr>
  <td class="method">
                  VerifyChildSafePolicyPageTest
      </td>
  <td class="duration">
    11.660s
  </td>
  <td class="result">
        
    
            <div class="testOutput">
                        Click to see Screenshot
                                <a target="_blank" href=Mon_May_02_13_44_19_IST_2022.png>Screenshot</a>
                                <br>
                                <br>
                                <a target="_blank" href=Mon_May_02_13_44_19_IST_2022.png><img src=Mon_May_02_13_44_19_IST_2022.png height=200 width=200></img></a>
                  </div>
    

      </td>
</tr>
<tr>
  <td class="method">
                  VerifyChildSafePolicyStatement1PageTest
      </td>
  <td class="duration">
    24.198s
  </td>
  <td class="result">
        
    
            <div class="testOutput">
                        Click to see Screenshot
                                <a target="_blank" href=Mon_May_02_13_45_18_IST_2022.png>Screenshot</a>
                                <br>
                                <br>
                                <a target="_blank" href=Mon_May_02_13_45_18_IST_2022.png><img src=Mon_May_02_13_45_18_IST_2022.png height=200 width=200></img></a>
                  </div>
    

      </td>
</tr>
<tr>
  <td class="method">
                  VerifyChildSafePolicyStatement2PageTest
      </td>
  <td class="duration">
    24.681s
  </td>
  <td class="result">
        
    
            <div class="testOutput">
                        Click to see Screenshot
                                <a target="_blank" href=Mon_May_02_13_45_44_IST_2022.png>Screenshot</a>
                                <br>
                                <br>
                                <a target="_blank" href=Mon_May_02_13_45_44_IST_2022.png><img src=Mon_May_02_13_45_44_IST_2022.png height=200 width=200></img></a>
                  </div>
    

      </td>
</tr>
<tr>
  <td class="method">
                  VerifyChildSafePolicylinkPageTest
      </td>
  <td class="duration">
    33.164s
  </td>
  <td class="result">
        
    
            <div class="testOutput">
                        Click to see Screenshot
                                <a target="_blank" href=Mon_May_02_13_44_53_IST_2022.png>Screenshot</a>
                                <br>
                                <br>
                                <a target="_blank" href=Mon_May_02_13_44_53_IST_2022.png><img src=Mon_May_02_13_44_53_IST_2022.png height=200 width=200></img></a>
                  </div>
    

      </td>
</tr>
          <tr>
        <td colspan="3" class="group">com.ca.CommunityCricketPageTestcases.ClubsAndAssociationSupportPageTest</td>
      </tr>
            
<tr>
  <td class="method">
                  VerifyClubsAndAssociationSupportPageTest
      </td>
  <td class="duration">
    16.003s
  </td>
  <td class="result">
        
    
            <div class="testOutput">
                        Click to see Screenshot
                                <a target="_blank" href=Mon_May_02_13_40_35_IST_2022.png>Screenshot</a>
                                <br>
                                <br>
                                <a target="_blank" href=Mon_May_02_13_40_35_IST_2022.png><img src=Mon_May_02_13_40_35_IST_2022.png height=200 width=200></img></a>
                  </div>
    

      </td>
</tr>
<tr>
  <td class="method">
                  VerifyGeneralclubandassociationsupportPageTest
      </td>
  <td class="duration">
    33.863s
  </td>
  <td class="result">
        
    
            <div class="testOutput">
                        Click to see Screenshot
                                <a target="_blank" href=Mon_May_02_13_41_10_IST_2022.png>Screenshot</a>
                                <br>
                                <br>
                                <a target="_blank" href=Mon_May_02_13_41_10_IST_2022.png><img src=Mon_May_02_13_41_10_IST_2022.png height=200 width=200></img></a>
                  </div>
    

      </td>
</tr>
<tr>
  <td class="method">
                  VerifyGoodsportsprograminfoPageTest
      </td>
  <td class="duration">
    32.146s
  </td>
  <td class="result">
        
    
            <div class="testOutput">
                        Click to see Screenshot
                                <a target="_blank" href=Mon_May_02_13_41_43_IST_2022.png>Screenshot</a>
                                <br>
                                <br>
                                <a target="_blank" href=Mon_May_02_13_41_43_IST_2022.png><img src=Mon_May_02_13_41_43_IST_2022.png height=200 width=200></img></a>
                  </div>
    

      </td>
</tr>
          <tr>
        <td colspan="3" class="group">com.ca.CommunityCricketPageTestcases.CommunityCricketFacebookPageTest</td>
      </tr>
            
<tr>
  <td class="method">
                  VerifyCommunityCricketFacebookPageTest
      </td>
  <td class="duration">
    13.663s
  </td>
  <td class="result">
        
    
            <div class="testOutput">
                        Click to see Screenshot
                                <a target="_blank" href=Mon_May_02_13_51_52_IST_2022.png>Screenshot</a>
                                <br>
                                <br>
                                <a target="_blank" href=Mon_May_02_13_51_52_IST_2022.png><img src=Mon_May_02_13_51_52_IST_2022.png height=200 width=200></img></a>
                  </div>
    

      </td>
</tr>
          <tr>
        <td colspan="3" class="group">com.ca.CommunityCricketPageTestcases.ContactsPageTest</td>
      </tr>
            
<tr>
  <td class="method">
                  VerifyContactsPageTest
      </td>
  <td class="duration">
    18.048s
  </td>
  <td class="result">
        
    
            <div class="testOutput">
                        Click to see Screenshot
                                <a target="_blank" href=Mon_May_02_13_52_10_IST_2022.png>Screenshot</a>
                                <br>
                                <br>
                                <a target="_blank" href=Mon_May_02_13_52_10_IST_2022.png><img src=Mon_May_02_13_52_10_IST_2022.png height=200 width=200></img></a>
                  </div>
    

      </td>
</tr>
          <tr>
        <td colspan="3" class="group">com.ca.CommunityCricketPageTestcases.Covid19GuidelinesAndResourcesPageTest</td>
      </tr>
            
<tr>
  <td class="method">
                  VerifycoronaviruslinkPageTest
      </td>
  <td class="duration">
    24.317s
  </td>
  <td class="result">
        
    
            <div class="testOutput">
                        Click to see Screenshot
                                <a target="_blank" href=Mon_May_02_13_38_24_IST_2022.png>Screenshot</a>
                                <br>
                                <br>
                                <a target="_blank" href=Mon_May_02_13_38_24_IST_2022.png><img src=Mon_May_02_13_38_24_IST_2022.png height=200 width=200></img></a>
                  </div>
    

      </td>
</tr>
<tr>
  <td class="method">
                  Verifycovid19GuidelinesAndResourceslinkPage
      </td>
  <td class="duration">
    21.029s
  </td>
  <td class="result">
        
    
            <div class="testOutput">
                        Click to see Screenshot
                                <a target="_blank" href=Mon_May_02_13_37_59_IST_2022.png>Screenshot</a>
                                <br>
                                <br>
                                <a target="_blank" href=Mon_May_02_13_37_59_IST_2022.png><img src=Mon_May_02_13_37_59_IST_2022.png height=200 width=200></img></a>
                  </div>
    

      </td>
</tr>
<tr>
  <td class="method">
                  Verifyguidelineslink1PageTest
      </td>
  <td class="duration">
    17.413s
  </td>
  <td class="result">
        
    
            <div class="testOutput">
                        Click to see Screenshot
                                <a target="_blank" href=Mon_May_02_13_39_03_IST_2022.png>Screenshot</a>
                                <br>
                                <br>
                                <a target="_blank" href=Mon_May_02_13_39_03_IST_2022.png><img src=Mon_May_02_13_39_03_IST_2022.png height=200 width=200></img></a>
                  </div>
    

      </td>
</tr>
<tr>
  <td class="method">
                  Verifyguidelineslink2PageTest
      </td>
  <td class="duration">
    13.854s
  </td>
  <td class="result">
        
    
            <div class="testOutput">
                        Click to see Screenshot
                                <a target="_blank" href=Mon_May_02_13_39_17_IST_2022.png>Screenshot</a>
                                <br>
                                <br>
                                <a target="_blank" href=Mon_May_02_13_39_17_IST_2022.png><img src=Mon_May_02_13_39_17_IST_2022.png height=200 width=200></img></a>
                  </div>
    

      </td>
</tr>
<tr>
  <td class="method">
                  Verifyguidelineslink3PageTest
      </td>
  <td class="duration">
    11.009s
  </td>
  <td class="result">
        
    
            <div class="testOutput">
                        Click to see Screenshot
                                <a target="_blank" href=Mon_May_02_13_39_28_IST_2022.png>Screenshot</a>
                                <br>
                                <br>
                                <a target="_blank" href=Mon_May_02_13_39_28_IST_2022.png><img src=Mon_May_02_13_39_28_IST_2022.png height=200 width=200></img></a>
                  </div>
    

      </td>
</tr>
<tr>
  <td class="method">
                  Verifyguidelineslink4PageTest
      </td>
  <td class="duration">
    12.274s
  </td>
  <td class="result">
        
    
            <div class="testOutput">
                        Click to see Screenshot
                                <a target="_blank" href=Mon_May_02_13_39_41_IST_2022.png>Screenshot</a>
                                <br>
                                <br>
                                <a target="_blank" href=Mon_May_02_13_39_41_IST_2022.png><img src=Mon_May_02_13_39_41_IST_2022.png height=200 width=200></img></a>
                  </div>
    

      </td>
</tr>
<tr>
  <td class="method">
                  Verifyguidelineslink5PageTest
      </td>
  <td class="duration">
    25.217s
  </td>
  <td class="result">
        
    
            <div class="testOutput">
                        Click to see Screenshot
                                <a target="_blank" href=Mon_May_02_13_40_06_IST_2022.png>Screenshot</a>
                                <br>
                                <br>
                                <a target="_blank" href=Mon_May_02_13_40_06_IST_2022.png><img src=Mon_May_02_13_40_06_IST_2022.png height=200 width=200></img></a>
                  </div>
    

      </td>
</tr>
<tr>
  <td class="method">
                  Verifyguidelineslink6PageTest
      </td>
  <td class="duration">
    11.492s
  </td>
  <td class="result">
        
    
            <div class="testOutput">
                        Click to see Screenshot
                                <a target="_blank" href=Mon_May_02_13_40_18_IST_2022.png>Screenshot</a>
                                <br>
                                <br>
                                <a target="_blank" href=Mon_May_02_13_40_18_IST_2022.png><img src=Mon_May_02_13_40_18_IST_2022.png height=200 width=200></img></a>
                  </div>
    

      </td>
</tr>
<tr>
  <td class="method">
                  VerifyregisterlinkPageTest
      </td>
  <td class="duration">
    20.514s
  </td>
  <td class="result">
        
    
            <div class="testOutput">
                        Click to see Screenshot
                                <a target="_blank" href=Mon_May_02_13_38_45_IST_2022.png>Screenshot</a>
                                <br>
                                <br>
                                <a target="_blank" href=Mon_May_02_13_38_45_IST_2022.png><img src=Mon_May_02_13_38_45_IST_2022.png height=200 width=200></img></a>
                  </div>
    

      </td>
</tr>
          <tr>
        <td colspan="3" class="group">com.ca.CommunityCricketPageTestcases.EducationAndTrainingPageTest</td>
      </tr>
            
<tr>
  <td class="method">
                  VerifyCAcoachapplinkPageTest
      </td>
  <td class="duration">
    29.443s
  </td>
  <td class="result">
        
    
            <div class="testOutput">
                        Click to see Screenshot
                                <a target="_blank" href=Mon_May_02_13_51_16_IST_2022.png>Screenshot</a>
                                <br>
                                <br>
                                <a target="_blank" href=Mon_May_02_13_51_16_IST_2022.png><img src=Mon_May_02_13_51_16_IST_2022.png height=200 width=200></img></a>
                  </div>
    

      </td>
</tr>
<tr>
  <td class="method">
                  VerifyCAjuniorcricketapplinkPageTest
      </td>
  <td class="duration">
    21.812s
  </td>
  <td class="result">
        
    
            <div class="testOutput">
                        Click to see Screenshot
                                <a target="_blank" href=Mon_May_02_13_51_38_IST_2022.png>Screenshot</a>
                                <br>
                                <br>
                                <a target="_blank" href=Mon_May_02_13_51_38_IST_2022.png><img src=Mon_May_02_13_51_38_IST_2022.png height=200 width=200></img></a>
                  </div>
    

      </td>
</tr>
<tr>
  <td class="method">
                  VerifyEducationAndTraininglinkPageTest
      </td>
  <td class="duration">
    17.689s
  </td>
  <td class="result">
        
    
            <div class="testOutput">
                        Click to see Screenshot
                                <a target="_blank" href=Mon_May_02_13_48_22_IST_2022.png>Screenshot</a>
                                <br>
                                <br>
                                <a target="_blank" href=Mon_May_02_13_48_22_IST_2022.png><img src=Mon_May_02_13_48_22_IST_2022.png height=200 width=200></img></a>
                  </div>
    

      </td>
</tr>
<tr>
  <td class="method">
                  VerifychildSafetylinkPageTest
      </td>
  <td class="duration">
    30.068s
  </td>
  <td class="result">
        
    
            <div class="testOutput">
                        Click to see Screenshot
                                <a target="_blank" href=Mon_May_02_13_49_44_IST_2022.png>Screenshot</a>
                                <br>
                                <br>
                                <a target="_blank" href=Mon_May_02_13_49_44_IST_2022.png><img src=Mon_May_02_13_49_44_IST_2022.png height=200 width=200></img></a>
                  </div>
    

      </td>
</tr>
<tr>
  <td class="method">
                  VerifycoachtraininglinkPageTest
      </td>
  <td class="duration">
    25.803s
  </td>
  <td class="result">
        
    
            <div class="testOutput">
                        Click to see Screenshot
                                <a target="_blank" href=Mon_May_02_13_48_49_IST_2022.png>Screenshot</a>
                                <br>
                                <br>
                                <a target="_blank" href=Mon_May_02_13_48_49_IST_2022.png><img src=Mon_May_02_13_48_49_IST_2022.png height=200 width=200></img></a>
                  </div>
    

      </td>
</tr>
<tr>
  <td class="method">
                  VerifyonlinecourseslinkPageTest
      </td>
  <td class="duration">
    31.399s
  </td>
  <td class="result">
        
    
            <div class="testOutput">
                        Click to see Screenshot
                                <a target="_blank" href=Mon_May_02_13_50_16_IST_2022.png>Screenshot</a>
                                <br>
                                <br>
                                <a target="_blank" href=Mon_May_02_13_50_16_IST_2022.png><img src=Mon_May_02_13_50_16_IST_2022.png height=200 width=200></img></a>
                  </div>
    

      </td>
</tr>
<tr>
  <td class="method">
                  VerifyumpiringlinkPageTest
      </td>
  <td class="duration">
    24.261s
  </td>
  <td class="result">
        
    
            <div class="testOutput">
                        Click to see Screenshot
                                <a target="_blank" href=Mon_May_02_13_49_14_IST_2022.png>Screenshot</a>
                                <br>
                                <br>
                                <a target="_blank" href=Mon_May_02_13_49_14_IST_2022.png><img src=Mon_May_02_13_49_14_IST_2022.png height=200 width=200></img></a>
                  </div>
    

      </td>
</tr>
<tr>
  <td class="method">
                  VerifywebniarserieslinkPageTest
      </td>
  <td class="duration">
    29.649s
  </td>
  <td class="result">
        
    
            <div class="testOutput">
                        Click to see Screenshot
                                <a target="_blank" href=Mon_May_02_13_50_46_IST_2022.png>Screenshot</a>
                                <br>
                                <br>
                                <a target="_blank" href=Mon_May_02_13_50_46_IST_2022.png><img src=Mon_May_02_13_50_46_IST_2022.png height=200 width=200></img></a>
                  </div>
    

      </td>
</tr>
          <tr>
        <td colspan="3" class="group">com.ca.CommunityCricketPageTestcases.FacilitiesAndFundingPageTest</td>
      </tr>
            
<tr>
  <td class="method">
                  VerifyCommunityfundlinkPageTest
      </td>
  <td class="duration">
    22.982s
  </td>
  <td class="result">
        
    
            <div class="testOutput">
                        Click to see Screenshot
                                <a target="_blank" href=Mon_May_02_13_42_31_IST_2022.png>Screenshot</a>
                                <br>
                                <br>
                                <a target="_blank" href=Mon_May_02_13_42_31_IST_2022.png><img src=Mon_May_02_13_42_31_IST_2022.png height=200 width=200></img></a>
                  </div>
    

      </td>
</tr>
<tr>
  <td class="method">
                  VerifyFacilitiesandFundinglinkPageTest
      </td>
  <td class="duration">
    16.989s
  </td>
  <td class="result">
        
    
            <div class="testOutput">
                        Click to see Screenshot
                                <a target="_blank" href=Mon_May_02_13_42_00_IST_2022.png>Screenshot</a>
                                <br>
                                <br>
                                <a target="_blank" href=Mon_May_02_13_42_00_IST_2022.png><img src=Mon_May_02_13_42_00_IST_2022.png height=200 width=200></img></a>
                  </div>
    

      </td>
</tr>
<tr>
  <td class="method">
                  VerifySportsgrantslinkPageTest
      </td>
  <td class="duration">
    34.767s
  </td>
  <td class="result">
        
    
            <div class="testOutput">
                        Click to see Screenshot
                                <a target="_blank" href=Mon_May_02_13_43_07_IST_2022.png>Screenshot</a>
                                <br>
                                <br>
                                <a target="_blank" href=Mon_May_02_13_43_07_IST_2022.png><img src=Mon_May_02_13_43_07_IST_2022.png height=200 width=200></img></a>
                  </div>
    

      </td>
</tr>
          <tr>
        <td colspan="3" class="group">com.ca.CommunityCricketPageTestcases.GetInvolvedTestcases</td>
      </tr>
            
<tr>
  <td class="method">
                  verifyGetInvolved
      </td>
  <td class="duration">
    12.091s
  </td>
  <td class="result">
        
    
            <div class="testOutput">
                        Click to see Screenshot
                                <a target="_blank" href=Mon_May_02_13_32_41_IST_2022.png>Screenshot</a>
                                <br>
                                <br>
                                <a target="_blank" href=Mon_May_02_13_32_41_IST_2022.png><img src=Mon_May_02_13_32_41_IST_2022.png height=200 width=200></img></a>
                  </div>
    

      </td>
</tr>
<tr>
  <td class="method">
                  verifyPlayCricket
      </td>
  <td class="duration">
    145.096s
  </td>
  <td class="result">
        
    
            <div class="testOutput">
                        Click to see Screenshot
                                <a target="_blank" href=Mon_May_02_13_35_06_IST_2022.png>Screenshot</a>
                                <br>
                                <br>
                                <a target="_blank" href=Mon_May_02_13_35_06_IST_2022.png><img src=Mon_May_02_13_35_06_IST_2022.png height=200 width=200></img></a>
                  </div>
    

      </td>
</tr>
<tr>
  <td class="method">
                  verifyUmpireandScoreCricket
      </td>
  <td class="duration">
    115.105s
  </td>
  <td class="result">
        
    
            <div class="testOutput">
                        Click to see Screenshot
                                <a target="_blank" href=Mon_May_02_13_37_26_IST_2022.png>Screenshot</a>
                                <br>
                                <br>
                                <a target="_blank" href=Mon_May_02_13_37_26_IST_2022.png><img src=Mon_May_02_13_37_26_IST_2022.png height=200 width=200></img></a>
                  </div>
    

      </td>
</tr>
          <tr>
        <td colspan="3" class="group">com.ca.CommunityCricketPageTestcases.SportsForAllTestcases</td>
      </tr>
            
<tr>
  <td class="method">
                  VerifySportsForAllPageTest
      </td>
  <td class="duration">
    11.913s
  </td>
  <td class="result">
        
    
            <div class="testOutput">
                        Click to see Screenshot
                                <a target="_blank" href=Mon_May_02_13_37_38_IST_2022.png>Screenshot</a>
                                <br>
                                <br>
                                <a target="_blank" href=Mon_May_02_13_37_38_IST_2022.png><img src=Mon_May_02_13_37_38_IST_2022.png height=200 width=200></img></a>
                  </div>
    

      </td>
</tr>
          <tr>
        <td colspan="3" class="group">com.ca.CommunityCricketPageTestcases.VolunteersPageTest</td>
      </tr>
            
<tr>
  <td class="method">
                  VerifyVolunteerslinkPageTest
      </td>
  <td class="duration">
    17.265s
  </td>
  <td class="result">
        
    
            <div class="testOutput">
                        Click to see Screenshot
                                <a target="_blank" href=Mon_May_02_13_46_02_IST_2022.png>Screenshot</a>
                                <br>
                                <br>
                                <a target="_blank" href=Mon_May_02_13_46_02_IST_2022.png><img src=Mon_May_02_13_46_02_IST_2022.png height=200 width=200></img></a>
                  </div>
    

      </td>
</tr>
<tr>
  <td class="method">
                  VerifycommunityawardlinkPageTet
      </td>
  <td class="duration">
    84.500s
  </td>
  <td class="result">
        
    
            <div class="testOutput">
                        Click to see Screenshot
                                <a target="_blank" href=Mon_May_02_13_48_05_IST_2022.png>Screenshot</a>
                                <br>
                                <br>
                                <a target="_blank" href=Mon_May_02_13_48_05_IST_2022.png><img src=Mon_May_02_13_48_05_IST_2022.png height=200 width=200></img></a>
                  </div>
    

      </td>
</tr>
      </table>
  
</body>
</html>
