<?xml version="1.0" encoding="UTF-8"?>
<testsuite name="Test"
           tests="1"
           failures="1"
           errors="0"
           skipped="0"
           time="70.248">
  <properties />
            <testcase name="verifyclubTest" time="70.248" classname="com.ca.ClubPageTestcases.CareersPageTest">
                <failure type="org.openqa.selenium.json.JsonException"
                  message="java.lang.reflect.InvocationTargetException
Build info: version: &apos;3.14.0&apos;, revision: &apos;aacccce0&apos;, time: &apos;2018-08-02T20:19:58.91Z&apos;
System info: host: &apos;LP-5CD8184DJ1&apos;, ip: &apos;192.168.0.103&apos;, os.name: &apos;Windows 10&apos;, os.arch: &apos;amd64&apos;, os.version: &apos;10.0&apos;, java.version: &apos;16.0.1&apos;
Driver info: driver.version: RemoteWebDriver"
              >
<![CDATA[org.openqa.selenium.json.JsonException: java.lang.reflect.InvocationTargetException
Build info: version: '3.14.0', revision: 'aacccce0', time: '2018-08-02T20:19:58.91Z'
System info: host: 'LP-5CD8184DJ1', ip: '192.168.0.103', os.name: 'Windows 10', os.arch: 'amd64', os.version: '10.0', java.version: '16.0.1'
Driver info: driver.version: RemoteWebDriver
  org.openqa.selenium.json.JsonOutput.convertUsingMethod(JsonOutput.java:315)
  org.openqa.selenium.json.JsonOutput.lambda$new$14(JsonOutput.java:152)
  org.openqa.selenium.json.JsonOutput$SafeBiConsumer.accept(JsonOutput.java:407)
  org.openqa.selenium.json.JsonOutput.write(JsonOutput.java:261)
  org.openqa.selenium.json.JsonOutput.lambda$null$19(JsonOutput.java:165)
  java.base/java.util.LinkedHashMap$LinkedValues.forEach(LinkedHashMap.java:647)
  org.openqa.selenium.json.JsonOutput.lambda$new$20(JsonOutput.java:165)
  org.openqa.selenium.json.JsonOutput$SafeBiConsumer.accept(JsonOutput.java:407)
  org.openqa.selenium.json.JsonOutput.write(JsonOutput.java:261)
  org.openqa.selenium.json.JsonOutput.lambda$null$21(JsonOutput.java:174)
  com.google.common.collect.SingletonImmutableBiMap.forEach(SingletonImmutableBiMap.java:65)
  org.openqa.selenium.json.JsonOutput.lambda$new$22(JsonOutput.java:173)
  org.openqa.selenium.json.JsonOutput$SafeBiConsumer.accept(JsonOutput.java:407)
  org.openqa.selenium.json.JsonOutput.write(JsonOutput.java:261)
  org.openqa.selenium.json.JsonOutput.write(JsonOutput.java:252)
  org.openqa.selenium.json.Json.toJson(Json.java:42)
  org.openqa.selenium.remote.http.AbstractHttpCommandCodec.encode(AbstractHttpCommandCodec.java:227)
  org.openqa.selenium.remote.http.AbstractHttpCommandCodec.encode(AbstractHttpCommandCodec.java:117)
  org.openqa.selenium.remote.HttpCommandExecutor.execute(HttpCommandExecutor.java:152)
  org.openqa.selenium.remote.service.DriverCommandExecutor.execute(DriverCommandExecutor.java:83)
  org.openqa.selenium.remote.RemoteWebDriver.execute(RemoteWebDriver.java:548)
  org.openqa.selenium.remote.RemoteWebDriver.perform(RemoteWebDriver.java:614)
  org.openqa.selenium.interactions.Actions$BuiltAction.perform(Actions.java:640)
  com.CA.ClubPage.CareersPage.VerifyclubsCareers(CareersPage.java:27)
  com.ca.ClubPageTestcases.CareersPageTest.verifyclubTest(CareersPageTest.java:22)
  java.base/jdk.internal.reflect.NativeMethodAccessorImpl.invoke0(Native Method)
  java.base/jdk.internal.reflect.NativeMethodAccessorImpl.invoke(NativeMethodAccessorImpl.java:78)
  java.base/jdk.internal.reflect.DelegatingMethodAccessorImpl.invoke(DelegatingMethodAccessorImpl.java:43)
  java.base/java.lang.reflect.Method.invoke(Method.java:567)
  org.testng.internal.MethodInvocationHelper.invokeMethod(MethodInvocationHelper.java:133)
  org.testng.internal.TestInvoker.invokeMethod(TestInvoker.java:598)
  org.testng.internal.TestInvoker.invokeTestMethod(TestInvoker.java:173)
  org.testng.internal.MethodRunner.runInSequence(MethodRunner.java:46)
  org.testng.internal.TestInvoker$MethodInvocationAgent.invoke(TestInvoker.java:824)
  org.testng.internal.TestInvoker.invokeTestMethods(TestInvoker.java:146)
  org.testng.internal.TestMethodWorker.invokeTestMethods(TestMethodWorker.java:146)
  org.testng.internal.TestMethodWorker.run(TestMethodWorker.java:128)
  java.base/java.util.ArrayList.forEach(ArrayList.java:1511)
  org.testng.TestRunner.privateRun(TestRunner.java:794)
  org.testng.TestRunner.run(TestRunner.java:596)
  org.testng.SuiteRunner.runTest(SuiteRunner.java:377)
  org.testng.SuiteRunner.runSequentially(SuiteRunner.java:371)
  org.testng.SuiteRunner.privateRun(SuiteRunner.java:332)
  org.testng.SuiteRunner.run(SuiteRunner.java:276)
  org.testng.SuiteRunnerWorker.runSuite(SuiteRunnerWorker.java:53)
  org.testng.SuiteRunnerWorker.run(SuiteRunnerWorker.java:96)
  org.testng.TestNG.runSuitesSequentially(TestNG.java:1212)
  org.testng.TestNG.runSuitesLocally(TestNG.java:1134)
  org.testng.TestNG.runSuites(TestNG.java:1063)
  org.testng.TestNG.run(TestNG.java:1031)
  org.testng.remote.AbstractRemoteTestNG.run(AbstractRemoteTestNG.java:115)
  org.testng.remote.RemoteTestNG.initAndRun(RemoteTestNG.java:251)
  org.testng.remote.RemoteTestNG.main(RemoteTestNG.java:77)
Caused by: java.lang.reflect.InvocationTargetException
  jdk.internal.reflect.GeneratedMethodAccessor27.invoke(Unknown Source)
  java.base/jdk.internal.reflect.DelegatingMethodAccessorImpl.invoke(DelegatingMethodAccessorImpl.java:43)
  java.base/java.lang.reflect.Method.invoke(Method.java:567)
  org.openqa.selenium.json.JsonOutput.convertUsingMethod(JsonOutput.java:311)
  org.openqa.selenium.json.JsonOutput.lambda$new$14(JsonOutput.java:152)
  org.openqa.selenium.json.JsonOutput$SafeBiConsumer.accept(JsonOutput.java:407)
  org.openqa.selenium.json.JsonOutput.write(JsonOutput.java:261)
  org.openqa.selenium.json.JsonOutput.lambda$null$19(JsonOutput.java:165)
  java.base/java.util.LinkedHashMap$LinkedValues.forEach(LinkedHashMap.java:647)
  org.openqa.selenium.json.JsonOutput.lambda$new$20(JsonOutput.java:165)
  org.openqa.selenium.json.JsonOutput$SafeBiConsumer.accept(JsonOutput.java:407)
  org.openqa.selenium.json.JsonOutput.write(JsonOutput.java:261)
  org.openqa.selenium.json.JsonOutput.lambda$null$21(JsonOutput.java:174)
  com.google.common.collect.SingletonImmutableBiMap.forEach(SingletonImmutableBiMap.java:65)
  org.openqa.selenium.json.JsonOutput.lambda$new$22(JsonOutput.java:173)
  org.openqa.selenium.json.JsonOutput$SafeBiConsumer.accept(JsonOutput.java:407)
  org.openqa.selenium.json.JsonOutput.write(JsonOutput.java:261)
  org.openqa.selenium.json.JsonOutput.write(JsonOutput.java:252)
  org.openqa.selenium.json.Json.toJson(Json.java:42)
  org.openqa.selenium.remote.http.AbstractHttpCommandCodec.encode(AbstractHttpCommandCodec.java:227)
  org.openqa.selenium.remote.http.AbstractHttpCommandCodec.encode(AbstractHttpCommandCodec.java:117)
  org.openqa.selenium.remote.HttpCommandExecutor.execute(HttpCommandExecutor.java:152)
  org.openqa.selenium.remote.service.DriverCommandExecutor.execute(DriverCommandExecutor.java:83)
  org.openqa.selenium.remote.RemoteWebDriver.execute(RemoteWebDriver.java:548)
  org.openqa.selenium.remote.RemoteWebDriver.perform(RemoteWebDriver.java:614)
  org.openqa.selenium.interactions.Actions$BuiltAction.perform(Actions.java:640)
  com.CA.ClubPage.CareersPage.VerifyclubsCareers(CareersPage.java:27)
  com.ca.ClubPageTestcases.CareersPageTest.verifyclubTest(CareersPageTest.java:22)
  java.base/jdk.internal.reflect.NativeMethodAccessorImpl.invoke0(Native Method)
  java.base/jdk.internal.reflect.NativeMethodAccessorImpl.invoke(NativeMethodAccessorImpl.java:78)
  java.base/jdk.internal.reflect.DelegatingMethodAccessorImpl.invoke(DelegatingMethodAccessorImpl.java:43)
  java.base/java.lang.reflect.Method.invoke(Method.java:567)
  org.testng.internal.MethodInvocationHelper.invokeMethod(MethodInvocationHelper.java:133)
  org.testng.internal.TestInvoker.invokeMethod(TestInvoker.java:598)
  org.testng.internal.TestInvoker.invokeTestMethod(TestInvoker.java:173)
  org.testng.internal.MethodRunner.runInSequence(MethodRunner.java:46)
  org.testng.internal.TestInvoker$MethodInvocationAgent.invoke(TestInvoker.java:824)
  org.testng.internal.TestInvoker.invokeTestMethods(TestInvoker.java:146)
  org.testng.internal.TestMethodWorker.invokeTestMethods(TestMethodWorker.java:146)
  org.testng.internal.TestMethodWorker.run(TestMethodWorker.java:128)
  java.base/java.util.ArrayList.forEach(ArrayList.java:1511)
  org.testng.TestRunner.privateRun(TestRunner.java:794)
  org.testng.TestRunner.run(TestRunner.java:596)
  org.testng.SuiteRunner.runTest(SuiteRunner.java:377)
  org.testng.SuiteRunner.runSequentially(SuiteRunner.java:371)
  org.testng.SuiteRunner.privateRun(SuiteRunner.java:332)
  org.testng.SuiteRunner.run(SuiteRunner.java:276)
  org.testng.SuiteRunnerWorker.runSuite(SuiteRunnerWorker.java:53)
  org.testng.SuiteRunnerWorker.run(SuiteRunnerWorker.java:96)
  org.testng.TestNG.runSuitesSequentially(TestNG.java:1212)
  org.testng.TestNG.runSuitesLocally(TestNG.java:1134)
  org.testng.TestNG.runSuites(TestNG.java:1063)
  org.testng.TestNG.run(TestNG.java:1031)
  org.testng.remote.AbstractRemoteTestNG.run(AbstractRemoteTestNG.java:115)
  org.testng.remote.RemoteTestNG.initAndRun(RemoteTestNG.java:251)
  org.testng.remote.RemoteTestNG.main(RemoteTestNG.java:77)
Caused by: org.openqa.selenium.NoSuchElementException: no such element: Unable to locate element: {"method":"xpath","selector":"//*[@id="jQ-uid3"]/li[4]"}
  (Session info: chrome=102.0.5005.63)
For documentation on this error, please visit: http://seleniumhq.org/exceptions/no_such_element.html
Build info: version: '3.14.0', revision: 'aacccce0', time: '2018-08-02T20:19:58.91Z'
System info: host: 'LP-5CD8184DJ1', ip: '192.168.0.103', os.name: 'Windows 10', os.arch: 'amd64', os.version: '10.0', java.version: '16.0.1'
Driver info: org.openqa.selenium.chrome.ChromeDriver
Capabilities {acceptInsecureCerts: false, browserName: chrome, browserVersion: 102.0.5005.63, chrome: {chromedriverVersion: 102.0.5005.61 (0e59bcc00cc4..., userDataDir: C:\Users\SAHIL~1.RAN\AppDat...}, goog:chromeOptions: {debuggerAddress: localhost:57871}, javascriptEnabled: true, networkConnectionEnabled: false, pageLoadStrategy: normal, platform: WINDOWS, platformName: WINDOWS, proxy: Proxy(), setWindowRect: true, strictFileInteractability: false, timeouts: {implicit: 0, pageLoad: 300000, script: 30000}, unhandledPromptBehavior: dismiss and notify, webauthn:extension:credBlob: true, webauthn:extension:largeBlob: true, webauthn:virtualAuthenticators: true}
Session ID: fceeccc524d058c48d86dcc42d51f03c
*** Element info: {Using=xpath, value=//*[@id="jQ-uid3"]/li[4]}
  java.base/jdk.internal.reflect.NativeConstructorAccessorImpl.newInstance0(Native Method)
  java.base/jdk.internal.reflect.NativeConstructorAccessorImpl.newInstance(NativeConstructorAccessorImpl.java:78)
  java.base/jdk.internal.reflect.DelegatingConstructorAccessorImpl.newInstance(DelegatingConstructorAccessorImpl.java:45)
  java.base/java.lang.reflect.Constructor.newInstanceWithCaller(Constructor.java:499)
  java.base/java.lang.reflect.Constructor.newInstance(Constructor.java:480)
  org.openqa.selenium.remote.http.W3CHttpResponseCodec.createException(W3CHttpResponseCodec.java:187)
  org.openqa.selenium.remote.http.W3CHttpResponseCodec.decode(W3CHttpResponseCodec.java:122)
  org.openqa.selenium.remote.http.W3CHttpResponseCodec.decode(W3CHttpResponseCodec.java:49)
  org.openqa.selenium.remote.HttpCommandExecutor.execute(HttpCommandExecutor.java:158)
  org.openqa.selenium.remote.service.DriverCommandExecutor.execute(DriverCommandExecutor.java:83)
  org.openqa.selenium.remote.RemoteWebDriver.execute(RemoteWebDriver.java:548)
  org.openqa.selenium.remote.RemoteWebDriver.findElement(RemoteWebDriver.java:322)
  org.openqa.selenium.remote.RemoteWebDriver.findElementByXPath(RemoteWebDriver.java:424)
  org.openqa.selenium.By$ByXPath.findElement(By.java:353)
  org.openqa.selenium.remote.RemoteWebDriver.findElement(RemoteWebDriver.java:314)
  org.openqa.selenium.support.pagefactory.DefaultElementLocator.findElement(DefaultElementLocator.java:69)
  org.openqa.selenium.support.pagefactory.internal.LocatingElementHandler.invoke(LocatingElementHandler.java:38)
  jdk.proxy2/jdk.proxy2.$Proxy13.getWrappedElement(Unknown Source)
  org.openqa.selenium.interactions.PointerInput$Origin.asArg(PointerInput.java:204)
  org.openqa.selenium.interactions.PointerInput$Move.encode(PointerInput.java:155)
  org.openqa.selenium.interactions.Sequence.encode(Sequence.java:75)
  org.openqa.selenium.interactions.Sequence.toJson(Sequence.java:84)
  jdk.internal.reflect.GeneratedMethodAccessor27.invoke(Unknown Source)
  java.base/jdk.internal.reflect.DelegatingMethodAccessorImpl.invoke(DelegatingMethodAccessorImpl.java:43)
  java.base/java.lang.reflect.Method.invoke(Method.java:567)
  org.openqa.selenium.json.JsonOutput.convertUsingMethod(JsonOutput.java:311)
  org.openqa.selenium.json.JsonOutput.lambda$new$14(JsonOutput.java:152)
  org.openqa.selenium.json.JsonOutput$SafeBiConsumer.accept(JsonOutput.java:407)
  org.openqa.selenium.json.JsonOutput.write(JsonOutput.java:261)
  org.openqa.selenium.json.JsonOutput.lambda$null$19(JsonOutput.java:165)
  java.base/java.util.LinkedHashMap$LinkedValues.forEach(LinkedHashMap.java:647)
  org.openqa.selenium.json.JsonOutput.lambda$new$20(JsonOutput.java:165)
  org.openqa.selenium.json.JsonOutput$SafeBiConsumer.accept(JsonOutput.java:407)
  org.openqa.selenium.json.JsonOutput.write(JsonOutput.java:261)
  org.openqa.selenium.json.JsonOutput.lambda$null$21(JsonOutput.java:174)
  com.google.common.collect.SingletonImmutableBiMap.forEach(SingletonImmutableBiMap.java:65)
  org.openqa.selenium.json.JsonOutput.lambda$new$22(JsonOutput.java:173)
  org.openqa.selenium.json.JsonOutput$SafeBiConsumer.accept(JsonOutput.java:407)
  org.openqa.selenium.json.JsonOutput.write(JsonOutput.java:261)
  org.openqa.selenium.json.JsonOutput.write(JsonOutput.java:252)
  org.openqa.selenium.json.Json.toJson(Json.java:42)
  org.openqa.selenium.remote.http.AbstractHttpCommandCodec.encode(AbstractHttpCommandCodec.java:227)
  org.openqa.selenium.remote.http.AbstractHttpCommandCodec.encode(AbstractHttpCommandCodec.java:117)
  org.openqa.selenium.remote.HttpCommandExecutor.execute(HttpCommandExecutor.java:152)
  org.openqa.selenium.remote.service.DriverCommandExecutor.execute(DriverCommandExecutor.java:83)
  org.openqa.selenium.remote.RemoteWebDriver.execute(RemoteWebDriver.java:548)
  org.openqa.selenium.remote.RemoteWebDriver.perform(RemoteWebDriver.java:614)
  org.openqa.selenium.interactions.Actions$BuiltAction.perform(Actions.java:640)
  com.CA.ClubPage.CareersPage.VerifyclubsCareers(CareersPage.java:27)
  com.ca.ClubPageTestcases.CareersPageTest.verifyclubTest(CareersPageTest.java:22)
  java.base/jdk.internal.reflect.NativeMethodAccessorImpl.invoke0(Native Method)
  java.base/jdk.internal.reflect.NativeMethodAccessorImpl.invoke(NativeMethodAccessorImpl.java:78)
  java.base/jdk.internal.reflect.DelegatingMethodAccessorImpl.invoke(DelegatingMethodAccessorImpl.java:43)
  java.base/java.lang.reflect.Method.invoke(Method.java:567)
  org.testng.internal.MethodInvocationHelper.invokeMethod(MethodInvocationHelper.java:133)
  org.testng.internal.TestInvoker.invokeMethod(TestInvoker.java:598)
  org.testng.internal.TestInvoker.invokeTestMethod(TestInvoker.java:173)
  org.testng.internal.MethodRunner.runInSequence(MethodRunner.java:46)
  org.testng.internal.TestInvoker$MethodInvocationAgent.invoke(TestInvoker.java:824)
  org.testng.internal.TestInvoker.invokeTestMethods(TestInvoker.java:146)
  org.testng.internal.TestMethodWorker.invokeTestMethods(TestMethodWorker.java:146)
  org.testng.internal.TestMethodWorker.run(TestMethodWorker.java:128)
  java.base/java.util.ArrayList.forEach(ArrayList.java:1511)
  org.testng.TestRunner.privateRun(TestRunner.java:794)
  org.testng.TestRunner.run(TestRunner.java:596)
  org.testng.SuiteRunner.runTest(SuiteRunner.java:377)
  org.testng.SuiteRunner.runSequentially(SuiteRunner.java:371)
  org.testng.SuiteRunner.privateRun(SuiteRunner.java:332)
  org.testng.SuiteRunner.run(SuiteRunner.java:276)
  org.testng.SuiteRunnerWorker.runSuite(SuiteRunnerWorker.java:53)
  org.testng.SuiteRunnerWorker.run(SuiteRunnerWorker.java:96)
  org.testng.TestNG.runSuitesSequentially(TestNG.java:1212)
  org.testng.TestNG.runSuitesLocally(TestNG.java:1134)
  org.testng.TestNG.runSuites(TestNG.java:1063)
  org.testng.TestNG.run(TestNG.java:1031)
  org.testng.remote.AbstractRemoteTestNG.run(AbstractRemoteTestNG.java:115)
  org.testng.remote.RemoteTestNG.initAndRun(RemoteTestNG.java:251)
  org.testng.remote.RemoteTestNG.main(RemoteTestNG.java:77)
]]>
      </failure>

          </testcase>
  
  
  
</testsuite>
