<?xml version="1.0" encoding="UTF-8"?>
<testsuite name="CommunityCricketPage"
           tests="6"
           failures="3"
           errors="0"
           skipped="0"
           time="140.219">
  <properties />
            <testcase name="VerifyFacilityguidelinesslinkPageTest" time="27.583" classname="com.ca.CommunityCricketPageTestcases.FacilitiesAndFundingPageTest">
                <failure type="java.lang.AssertionError"
                  message="The following asserts failed:
	expected [https://www.community.cricket.com.au/clubs/facilities/facilities-guidelines] but found [https://www.community.cricket.com.au/clubs/running-your-club/facilities-and-infrastructure/facilities-guidelines]"
              >
<![CDATA[java.lang.AssertionError: The following asserts failed:
	expected [https://www.community.cricket.com.au/clubs/facilities/facilities-guidelines] but found [https://www.community.cricket.com.au/clubs/running-your-club/facilities-and-infrastructure/facilities-guidelines]
  org.testng.asserts.SoftAssert.assertAll(SoftAssert.java:47)
  org.testng.asserts.SoftAssert.assertAll(SoftAssert.java:31)
  com.CA.CommunityCricketPage.FacilitiesAndFundingPage.VerifyFacilityguidelinesslinkPage(FacilitiesAndFundingPage.java:202)
  com.ca.CommunityCricketPageTestcases.FacilitiesAndFundingPageTest.VerifyFacilityguidelinesslinkPageTest(FacilitiesAndFundingPageTest.java:64)
  java.base/jdk.internal.reflect.NativeMethodAccessorImpl.invoke0(Native Method)
  java.base/jdk.internal.reflect.NativeMethodAccessorImpl.invoke(NativeMethodAccessorImpl.java:78)
  java.base/jdk.internal.reflect.DelegatingMethodAccessorImpl.invoke(DelegatingMethodAccessorImpl.java:43)
  java.base/java.lang.reflect.Method.invoke(Method.java:567)
  org.testng.internal.MethodInvocationHelper.invokeMethod(MethodInvocationHelper.java:133)
  org.testng.internal.TestInvoker.invokeMethod(TestInvoker.java:598)
  org.testng.internal.TestInvoker.invokeTestMethod(TestInvoker.java:173)
  org.testng.internal.MethodRunner.runInSequence(MethodRunner.java:46)
  org.testng.internal.TestInvoker$MethodInvocationAgent.invoke(TestInvoker.java:824)
  org.testng.internal.TestInvoker.invokeTestMethods(TestInvoker.java:146)
  org.testng.internal.TestMethodWorker.invokeTestMethods(TestMethodWorker.java:146)
  org.testng.internal.TestMethodWorker.run(TestMethodWorker.java:128)
  java.base/java.util.ArrayList.forEach(ArrayList.java:1511)
  org.testng.TestRunner.privateRun(TestRunner.java:794)
  org.testng.TestRunner.run(TestRunner.java:596)
  org.testng.SuiteRunner.runTest(SuiteRunner.java:377)
  org.testng.SuiteRunner.runSequentially(SuiteRunner.java:371)
  org.testng.SuiteRunner.privateRun(SuiteRunner.java:332)
  org.testng.SuiteRunner.run(SuiteRunner.java:276)
  org.testng.SuiteRunnerWorker.runSuite(SuiteRunnerWorker.java:53)
  org.testng.SuiteRunnerWorker.run(SuiteRunnerWorker.java:96)
  org.testng.TestNG.runSuitesSequentially(TestNG.java:1212)
  org.testng.TestNG.runSuitesLocally(TestNG.java:1134)
  org.testng.TestNG.runSuites(TestNG.java:1063)
  org.testng.TestNG.run(TestNG.java:1031)
  org.testng.remote.AbstractRemoteTestNG.run(AbstractRemoteTestNG.java:115)
  org.testng.remote.RemoteTestNG.initAndRun(RemoteTestNG.java:251)
  org.testng.remote.RemoteTestNG.main(RemoteTestNG.java:77)
]]>
      </failure>

          </testcase>
            <testcase name="VerifyGrassrootsfundlinkPageTest" time="31.135" classname="com.ca.CommunityCricketPageTestcases.FacilitiesAndFundingPageTest">
                <failure type="java.lang.AssertionError"
                  message="The following asserts failed:
	expected [https://www.community.cricket.com.au/clubs/facilities/grassroots-cricket-fund] but found [https://www.community.cricket.com.au/404]"
              >
<![CDATA[java.lang.AssertionError: The following asserts failed:
	expected [https://www.community.cricket.com.au/clubs/facilities/grassroots-cricket-fund] but found [https://www.community.cricket.com.au/404]
  org.testng.asserts.SoftAssert.assertAll(SoftAssert.java:47)
  org.testng.asserts.SoftAssert.assertAll(SoftAssert.java:31)
  com.CA.CommunityCricketPage.FacilitiesAndFundingPage.VerifyGrassrootsfundlinkPage(FacilitiesAndFundingPage.java:184)
  com.ca.CommunityCricketPageTestcases.FacilitiesAndFundingPageTest.VerifyGrassrootsfundlinkPageTest(FacilitiesAndFundingPageTest.java:56)
  java.base/jdk.internal.reflect.NativeMethodAccessorImpl.invoke0(Native Method)
  java.base/jdk.internal.reflect.NativeMethodAccessorImpl.invoke(NativeMethodAccessorImpl.java:78)
  java.base/jdk.internal.reflect.DelegatingMethodAccessorImpl.invoke(DelegatingMethodAccessorImpl.java:43)
  java.base/java.lang.reflect.Method.invoke(Method.java:567)
  org.testng.internal.MethodInvocationHelper.invokeMethod(MethodInvocationHelper.java:133)
  org.testng.internal.TestInvoker.invokeMethod(TestInvoker.java:598)
  org.testng.internal.TestInvoker.invokeTestMethod(TestInvoker.java:173)
  org.testng.internal.MethodRunner.runInSequence(MethodRunner.java:46)
  org.testng.internal.TestInvoker$MethodInvocationAgent.invoke(TestInvoker.java:824)
  org.testng.internal.TestInvoker.invokeTestMethods(TestInvoker.java:146)
  org.testng.internal.TestMethodWorker.invokeTestMethods(TestMethodWorker.java:146)
  org.testng.internal.TestMethodWorker.run(TestMethodWorker.java:128)
  java.base/java.util.ArrayList.forEach(ArrayList.java:1511)
  org.testng.TestRunner.privateRun(TestRunner.java:794)
  org.testng.TestRunner.run(TestRunner.java:596)
  org.testng.SuiteRunner.runTest(SuiteRunner.java:377)
  org.testng.SuiteRunner.runSequentially(SuiteRunner.java:371)
  org.testng.SuiteRunner.privateRun(SuiteRunner.java:332)
  org.testng.SuiteRunner.run(SuiteRunner.java:276)
  org.testng.SuiteRunnerWorker.runSuite(SuiteRunnerWorker.java:53)
  org.testng.SuiteRunnerWorker.run(SuiteRunnerWorker.java:96)
  org.testng.TestNG.runSuitesSequentially(TestNG.java:1212)
  org.testng.TestNG.runSuitesLocally(TestNG.java:1134)
  org.testng.TestNG.runSuites(TestNG.java:1063)
  org.testng.TestNG.run(TestNG.java:1031)
  org.testng.remote.AbstractRemoteTestNG.run(AbstractRemoteTestNG.java:115)
  org.testng.remote.RemoteTestNG.initAndRun(RemoteTestNG.java:251)
  org.testng.remote.RemoteTestNG.main(RemoteTestNG.java:77)
]]>
      </failure>

          </testcase>
            <testcase name="VerifyMoreinfolinkPageTest" time="6.763" classname="com.ca.CommunityCricketPageTestcases.FacilitiesAndFundingPageTest">
                <failure type="org.openqa.selenium.json.JsonException"
                  message="java.lang.reflect.InvocationTargetException
Build info: version: &apos;3.14.0&apos;, revision: &apos;aacccce0&apos;, time: &apos;2018-08-02T20:19:58.91Z&apos;
System info: host: &apos;LP-5CD8184DJ1&apos;, ip: &apos;192.168.0.105&apos;, os.name: &apos;Windows 10&apos;, os.arch: &apos;amd64&apos;, os.version: &apos;10.0&apos;, java.version: &apos;16.0.1&apos;
Driver info: driver.version: RemoteWebDriver"
              >
<![CDATA[org.openqa.selenium.json.JsonException: java.lang.reflect.InvocationTargetException
Build info: version: '3.14.0', revision: 'aacccce0', time: '2018-08-02T20:19:58.91Z'
System info: host: 'LP-5CD8184DJ1', ip: '192.168.0.105', os.name: 'Windows 10', os.arch: 'amd64', os.version: '10.0', java.version: '16.0.1'
Driver info: driver.version: RemoteWebDriver
  org.openqa.selenium.json.JsonOutput.convertUsingMethod(JsonOutput.java:315)
  org.openqa.selenium.json.JsonOutput.lambda$new$14(JsonOutput.java:152)
  org.openqa.selenium.json.JsonOutput$SafeBiConsumer.accept(JsonOutput.java:407)
  org.openqa.selenium.json.JsonOutput.write(JsonOutput.java:261)
  org.openqa.selenium.json.JsonOutput.lambda$null$19(JsonOutput.java:165)
  java.base/java.util.LinkedHashMap$LinkedValues.forEach(LinkedHashMap.java:647)
  org.openqa.selenium.json.JsonOutput.lambda$new$20(JsonOutput.java:165)
  org.openqa.selenium.json.JsonOutput$SafeBiConsumer.accept(JsonOutput.java:407)
  org.openqa.selenium.json.JsonOutput.write(JsonOutput.java:261)
  org.openqa.selenium.json.JsonOutput.lambda$null$21(JsonOutput.java:174)
  com.google.common.collect.SingletonImmutableBiMap.forEach(SingletonImmutableBiMap.java:65)
  org.openqa.selenium.json.JsonOutput.lambda$new$22(JsonOutput.java:173)
  org.openqa.selenium.json.JsonOutput$SafeBiConsumer.accept(JsonOutput.java:407)
  org.openqa.selenium.json.JsonOutput.write(JsonOutput.java:261)
  org.openqa.selenium.json.JsonOutput.write(JsonOutput.java:252)
  org.openqa.selenium.json.Json.toJson(Json.java:42)
  org.openqa.selenium.remote.http.AbstractHttpCommandCodec.encode(AbstractHttpCommandCodec.java:227)
  org.openqa.selenium.remote.http.AbstractHttpCommandCodec.encode(AbstractHttpCommandCodec.java:117)
  org.openqa.selenium.remote.HttpCommandExecutor.execute(HttpCommandExecutor.java:152)
  org.openqa.selenium.remote.service.DriverCommandExecutor.execute(DriverCommandExecutor.java:83)
  org.openqa.selenium.remote.RemoteWebDriver.execute(RemoteWebDriver.java:548)
  org.openqa.selenium.remote.RemoteWebDriver.perform(RemoteWebDriver.java:614)
  org.openqa.selenium.interactions.Actions$BuiltAction.perform(Actions.java:640)
  com.CA.CommunityCricketPage.FacilitiesAndFundingPage.VerifyMoreinfolinkPage(FacilitiesAndFundingPage.java:83)
  com.ca.CommunityCricketPageTestcases.FacilitiesAndFundingPageTest.VerifyMoreinfolinkPageTest(FacilitiesAndFundingPageTest.java:30)
  java.base/jdk.internal.reflect.NativeMethodAccessorImpl.invoke0(Native Method)
  java.base/jdk.internal.reflect.NativeMethodAccessorImpl.invoke(NativeMethodAccessorImpl.java:78)
  java.base/jdk.internal.reflect.DelegatingMethodAccessorImpl.invoke(DelegatingMethodAccessorImpl.java:43)
  java.base/java.lang.reflect.Method.invoke(Method.java:567)
  org.testng.internal.MethodInvocationHelper.invokeMethod(MethodInvocationHelper.java:133)
  org.testng.internal.TestInvoker.invokeMethod(TestInvoker.java:598)
  org.testng.internal.TestInvoker.invokeTestMethod(TestInvoker.java:173)
  org.testng.internal.MethodRunner.runInSequence(MethodRunner.java:46)
  org.testng.internal.TestInvoker$MethodInvocationAgent.invoke(TestInvoker.java:824)
  org.testng.internal.TestInvoker.invokeTestMethods(TestInvoker.java:146)
  org.testng.internal.TestMethodWorker.invokeTestMethods(TestMethodWorker.java:146)
  org.testng.internal.TestMethodWorker.run(TestMethodWorker.java:128)
  java.base/java.util.ArrayList.forEach(ArrayList.java:1511)
  org.testng.TestRunner.privateRun(TestRunner.java:794)
  org.testng.TestRunner.run(TestRunner.java:596)
  org.testng.SuiteRunner.runTest(SuiteRunner.java:377)
  org.testng.SuiteRunner.runSequentially(SuiteRunner.java:371)
  org.testng.SuiteRunner.privateRun(SuiteRunner.java:332)
  org.testng.SuiteRunner.run(SuiteRunner.java:276)
  org.testng.SuiteRunnerWorker.runSuite(SuiteRunnerWorker.java:53)
  org.testng.SuiteRunnerWorker.run(SuiteRunnerWorker.java:96)
  org.testng.TestNG.runSuitesSequentially(TestNG.java:1212)
  org.testng.TestNG.runSuitesLocally(TestNG.java:1134)
  org.testng.TestNG.runSuites(TestNG.java:1063)
  org.testng.TestNG.run(TestNG.java:1031)
  org.testng.remote.AbstractRemoteTestNG.run(AbstractRemoteTestNG.java:115)
  org.testng.remote.RemoteTestNG.initAndRun(RemoteTestNG.java:251)
  org.testng.remote.RemoteTestNG.main(RemoteTestNG.java:77)
Caused by: java.lang.reflect.InvocationTargetException
  jdk.internal.reflect.GeneratedMethodAccessor19.invoke(Unknown Source)
  java.base/jdk.internal.reflect.DelegatingMethodAccessorImpl.invoke(DelegatingMethodAccessorImpl.java:43)
  java.base/java.lang.reflect.Method.invoke(Method.java:567)
  org.openqa.selenium.json.JsonOutput.convertUsingMethod(JsonOutput.java:311)
  org.openqa.selenium.json.JsonOutput.lambda$new$14(JsonOutput.java:152)
  org.openqa.selenium.json.JsonOutput$SafeBiConsumer.accept(JsonOutput.java:407)
  org.openqa.selenium.json.JsonOutput.write(JsonOutput.java:261)
  org.openqa.selenium.json.JsonOutput.lambda$null$19(JsonOutput.java:165)
  java.base/java.util.LinkedHashMap$LinkedValues.forEach(LinkedHashMap.java:647)
  org.openqa.selenium.json.JsonOutput.lambda$new$20(JsonOutput.java:165)
  org.openqa.selenium.json.JsonOutput$SafeBiConsumer.accept(JsonOutput.java:407)
  org.openqa.selenium.json.JsonOutput.write(JsonOutput.java:261)
  org.openqa.selenium.json.JsonOutput.lambda$null$21(JsonOutput.java:174)
  com.google.common.collect.SingletonImmutableBiMap.forEach(SingletonImmutableBiMap.java:65)
  org.openqa.selenium.json.JsonOutput.lambda$new$22(JsonOutput.java:173)
  org.openqa.selenium.json.JsonOutput$SafeBiConsumer.accept(JsonOutput.java:407)
  org.openqa.selenium.json.JsonOutput.write(JsonOutput.java:261)
  org.openqa.selenium.json.JsonOutput.write(JsonOutput.java:252)
  org.openqa.selenium.json.Json.toJson(Json.java:42)
  org.openqa.selenium.remote.http.AbstractHttpCommandCodec.encode(AbstractHttpCommandCodec.java:227)
  org.openqa.selenium.remote.http.AbstractHttpCommandCodec.encode(AbstractHttpCommandCodec.java:117)
  org.openqa.selenium.remote.HttpCommandExecutor.execute(HttpCommandExecutor.java:152)
  org.openqa.selenium.remote.service.DriverCommandExecutor.execute(DriverCommandExecutor.java:83)
  org.openqa.selenium.remote.RemoteWebDriver.execute(RemoteWebDriver.java:548)
  org.openqa.selenium.remote.RemoteWebDriver.perform(RemoteWebDriver.java:614)
  org.openqa.selenium.interactions.Actions$BuiltAction.perform(Actions.java:640)
  com.CA.CommunityCricketPage.FacilitiesAndFundingPage.VerifyMoreinfolinkPage(FacilitiesAndFundingPage.java:83)
  com.ca.CommunityCricketPageTestcases.FacilitiesAndFundingPageTest.VerifyMoreinfolinkPageTest(FacilitiesAndFundingPageTest.java:30)
  java.base/jdk.internal.reflect.NativeMethodAccessorImpl.invoke0(Native Method)
  java.base/jdk.internal.reflect.NativeMethodAccessorImpl.invoke(NativeMethodAccessorImpl.java:78)
  java.base/jdk.internal.reflect.DelegatingMethodAccessorImpl.invoke(DelegatingMethodAccessorImpl.java:43)
  java.base/java.lang.reflect.Method.invoke(Method.java:567)
  org.testng.internal.MethodInvocationHelper.invokeMethod(MethodInvocationHelper.java:133)
  org.testng.internal.TestInvoker.invokeMethod(TestInvoker.java:598)
  org.testng.internal.TestInvoker.invokeTestMethod(TestInvoker.java:173)
  org.testng.internal.MethodRunner.runInSequence(MethodRunner.java:46)
  org.testng.internal.TestInvoker$MethodInvocationAgent.invoke(TestInvoker.java:824)
  org.testng.internal.TestInvoker.invokeTestMethods(TestInvoker.java:146)
  org.testng.internal.TestMethodWorker.invokeTestMethods(TestMethodWorker.java:146)
  org.testng.internal.TestMethodWorker.run(TestMethodWorker.java:128)
  java.base/java.util.ArrayList.forEach(ArrayList.java:1511)
  org.testng.TestRunner.privateRun(TestRunner.java:794)
  org.testng.TestRunner.run(TestRunner.java:596)
  org.testng.SuiteRunner.runTest(SuiteRunner.java:377)
  org.testng.SuiteRunner.runSequentially(SuiteRunner.java:371)
  org.testng.SuiteRunner.privateRun(SuiteRunner.java:332)
  org.testng.SuiteRunner.run(SuiteRunner.java:276)
  org.testng.SuiteRunnerWorker.runSuite(SuiteRunnerWorker.java:53)
  org.testng.SuiteRunnerWorker.run(SuiteRunnerWorker.java:96)
  org.testng.TestNG.runSuitesSequentially(TestNG.java:1212)
  org.testng.TestNG.runSuitesLocally(TestNG.java:1134)
  org.testng.TestNG.runSuites(TestNG.java:1063)
  org.testng.TestNG.run(TestNG.java:1031)
  org.testng.remote.AbstractRemoteTestNG.run(AbstractRemoteTestNG.java:115)
  org.testng.remote.RemoteTestNG.initAndRun(RemoteTestNG.java:251)
  org.testng.remote.RemoteTestNG.main(RemoteTestNG.java:77)
Caused by: org.openqa.selenium.InvalidSelectorException: invalid selector: Unable to locate an element with the xpath expression "//div[@class='rte-copy']//a[contains(text(),'here')] because of the following error:
SyntaxError: Failed to execute 'evaluate' on 'Document': The string '"//div[@class='rte-copy']//a[contains(text(),'here')]' is not a valid XPath expression.
  (Session info: chrome=100.0.4896.127)
For documentation on this error, please visit: http://seleniumhq.org/exceptions/invalid_selector_exception.html
Build info: version: '3.14.0', revision: 'aacccce0', time: '2018-08-02T20:19:58.91Z'
System info: host: 'LP-5CD8184DJ1', ip: '192.168.0.105', os.name: 'Windows 10', os.arch: 'amd64', os.version: '10.0', java.version: '16.0.1'
Driver info: org.openqa.selenium.chrome.ChromeDriver
Capabilities {acceptInsecureCerts: false, browserName: chrome, browserVersion: 100.0.4896.127, chrome: {chromedriverVersion: 100.0.4896.60 (6a5d10861ce8..., userDataDir: C:\Users\SAHIL~1.RAN\AppDat...}, goog:chromeOptions: {debuggerAddress: localhost:64237}, javascriptEnabled: true, networkConnectionEnabled: false, pageLoadStrategy: normal, platform: WINDOWS, platformName: WINDOWS, proxy: Proxy(), setWindowRect: true, strictFileInteractability: false, timeouts: {implicit: 0, pageLoad: 300000, script: 30000}, unhandledPromptBehavior: dismiss and notify, webauthn:extension:credBlob: true, webauthn:extension:largeBlob: true, webauthn:virtualAuthenticators: true}
Session ID: 5b39e42f56c63a768e755ebbb4932ec8
*** Element info: {Using=xpath, value="//div[@class='rte-copy']//a[contains(text(),'here')]}
  java.base/jdk.internal.reflect.NativeConstructorAccessorImpl.newInstance0(Native Method)
  java.base/jdk.internal.reflect.NativeConstructorAccessorImpl.newInstance(NativeConstructorAccessorImpl.java:78)
  java.base/jdk.internal.reflect.DelegatingConstructorAccessorImpl.newInstance(DelegatingConstructorAccessorImpl.java:45)
  java.base/java.lang.reflect.Constructor.newInstanceWithCaller(Constructor.java:499)
  java.base/java.lang.reflect.Constructor.newInstance(Constructor.java:480)
  org.openqa.selenium.remote.http.W3CHttpResponseCodec.createException(W3CHttpResponseCodec.java:187)
  org.openqa.selenium.remote.http.W3CHttpResponseCodec.decode(W3CHttpResponseCodec.java:122)
  org.openqa.selenium.remote.http.W3CHttpResponseCodec.decode(W3CHttpResponseCodec.java:49)
  org.openqa.selenium.remote.HttpCommandExecutor.execute(HttpCommandExecutor.java:158)
  org.openqa.selenium.remote.service.DriverCommandExecutor.execute(DriverCommandExecutor.java:83)
  org.openqa.selenium.remote.RemoteWebDriver.execute(RemoteWebDriver.java:548)
  org.openqa.selenium.remote.RemoteWebDriver.findElement(RemoteWebDriver.java:322)
  org.openqa.selenium.remote.RemoteWebDriver.findElementByXPath(RemoteWebDriver.java:424)
  org.openqa.selenium.By$ByXPath.findElement(By.java:353)
  org.openqa.selenium.remote.RemoteWebDriver.findElement(RemoteWebDriver.java:314)
  org.openqa.selenium.support.pagefactory.DefaultElementLocator.findElement(DefaultElementLocator.java:69)
  org.openqa.selenium.support.pagefactory.internal.LocatingElementHandler.invoke(LocatingElementHandler.java:38)
  jdk.proxy2/jdk.proxy2.$Proxy13.getWrappedElement(Unknown Source)
  org.openqa.selenium.interactions.PointerInput$Origin.asArg(PointerInput.java:204)
  org.openqa.selenium.interactions.PointerInput$Move.encode(PointerInput.java:155)
  org.openqa.selenium.interactions.Sequence.encode(Sequence.java:75)
  org.openqa.selenium.interactions.Sequence.toJson(Sequence.java:84)
  jdk.internal.reflect.GeneratedMethodAccessor19.invoke(Unknown Source)
  java.base/jdk.internal.reflect.DelegatingMethodAccessorImpl.invoke(DelegatingMethodAccessorImpl.java:43)
  java.base/java.lang.reflect.Method.invoke(Method.java:567)
  org.openqa.selenium.json.JsonOutput.convertUsingMethod(JsonOutput.java:311)
  org.openqa.selenium.json.JsonOutput.lambda$new$14(JsonOutput.java:152)
  org.openqa.selenium.json.JsonOutput$SafeBiConsumer.accept(JsonOutput.java:407)
  org.openqa.selenium.json.JsonOutput.write(JsonOutput.java:261)
  org.openqa.selenium.json.JsonOutput.lambda$null$19(JsonOutput.java:165)
  java.base/java.util.LinkedHashMap$LinkedValues.forEach(LinkedHashMap.java:647)
  org.openqa.selenium.json.JsonOutput.lambda$new$20(JsonOutput.java:165)
  org.openqa.selenium.json.JsonOutput$SafeBiConsumer.accept(JsonOutput.java:407)
  org.openqa.selenium.json.JsonOutput.write(JsonOutput.java:261)
  org.openqa.selenium.json.JsonOutput.lambda$null$21(JsonOutput.java:174)
  com.google.common.collect.SingletonImmutableBiMap.forEach(SingletonImmutableBiMap.java:65)
  org.openqa.selenium.json.JsonOutput.lambda$new$22(JsonOutput.java:173)
  org.openqa.selenium.json.JsonOutput$SafeBiConsumer.accept(JsonOutput.java:407)
  org.openqa.selenium.json.JsonOutput.write(JsonOutput.java:261)
  org.openqa.selenium.json.JsonOutput.write(JsonOutput.java:252)
  org.openqa.selenium.json.Json.toJson(Json.java:42)
  org.openqa.selenium.remote.http.AbstractHttpCommandCodec.encode(AbstractHttpCommandCodec.java:227)
  org.openqa.selenium.remote.http.AbstractHttpCommandCodec.encode(AbstractHttpCommandCodec.java:117)
  org.openqa.selenium.remote.HttpCommandExecutor.execute(HttpCommandExecutor.java:152)
  org.openqa.selenium.remote.service.DriverCommandExecutor.execute(DriverCommandExecutor.java:83)
  org.openqa.selenium.remote.RemoteWebDriver.execute(RemoteWebDriver.java:548)
  org.openqa.selenium.remote.RemoteWebDriver.perform(RemoteWebDriver.java:614)
  org.openqa.selenium.interactions.Actions$BuiltAction.perform(Actions.java:640)
  com.CA.CommunityCricketPage.FacilitiesAndFundingPage.VerifyMoreinfolinkPage(FacilitiesAndFundingPage.java:83)
  com.ca.CommunityCricketPageTestcases.FacilitiesAndFundingPageTest.VerifyMoreinfolinkPageTest(FacilitiesAndFundingPageTest.java:30)
  java.base/jdk.internal.reflect.NativeMethodAccessorImpl.invoke0(Native Method)
  java.base/jdk.internal.reflect.NativeMethodAccessorImpl.invoke(NativeMethodAccessorImpl.java:78)
  java.base/jdk.internal.reflect.DelegatingMethodAccessorImpl.invoke(DelegatingMethodAccessorImpl.java:43)
  java.base/java.lang.reflect.Method.invoke(Method.java:567)
  org.testng.internal.MethodInvocationHelper.invokeMethod(MethodInvocationHelper.java:133)
  org.testng.internal.TestInvoker.invokeMethod(TestInvoker.java:598)
  org.testng.internal.TestInvoker.invokeTestMethod(TestInvoker.java:173)
  org.testng.internal.MethodRunner.runInSequence(MethodRunner.java:46)
  org.testng.internal.TestInvoker$MethodInvocationAgent.invoke(TestInvoker.java:824)
  org.testng.internal.TestInvoker.invokeTestMethods(TestInvoker.java:146)
  org.testng.internal.TestMethodWorker.invokeTestMethods(TestMethodWorker.java:146)
  org.testng.internal.TestMethodWorker.run(TestMethodWorker.java:128)
  java.base/java.util.ArrayList.forEach(ArrayList.java:1511)
  org.testng.TestRunner.privateRun(TestRunner.java:794)
  org.testng.TestRunner.run(TestRunner.java:596)
  org.testng.SuiteRunner.runTest(SuiteRunner.java:377)
  org.testng.SuiteRunner.runSequentially(SuiteRunner.java:371)
  org.testng.SuiteRunner.privateRun(SuiteRunner.java:332)
  org.testng.SuiteRunner.run(SuiteRunner.java:276)
  org.testng.SuiteRunnerWorker.runSuite(SuiteRunnerWorker.java:53)
  org.testng.SuiteRunnerWorker.run(SuiteRunnerWorker.java:96)
  org.testng.TestNG.runSuitesSequentially(TestNG.java:1212)
  org.testng.TestNG.runSuitesLocally(TestNG.java:1134)
  org.testng.TestNG.runSuites(TestNG.java:1063)
  org.testng.TestNG.run(TestNG.java:1031)
  org.testng.remote.AbstractRemoteTestNG.run(AbstractRemoteTestNG.java:115)
  org.testng.remote.RemoteTestNG.initAndRun(RemoteTestNG.java:251)
  org.testng.remote.RemoteTestNG.main(RemoteTestNG.java:77)
]]>
      </failure>

          </testcase>
  
  
            <testcase name="VerifySportsgrantslinkPageTest" time="34.767" classname="com.ca.CommunityCricketPageTestcases.FacilitiesAndFundingPageTest" />
                <testcase name="VerifyCommunityfundlinkPageTest" time="22.982" classname="com.ca.CommunityCricketPageTestcases.FacilitiesAndFundingPageTest" />
                <testcase name="VerifyFacilitiesandFundinglinkPageTest" time="16.989" classname="com.ca.CommunityCricketPageTestcases.FacilitiesAndFundingPageTest" />
      
</testsuite>
