<?xml version="1.0" encoding="UTF-8"?>
<!-- Generated by org.testng.reporters.JUnitReportReporter -->
<testsuite hostname="LP-5CD8184DJ1" failures="0" tests="5" name="brisbane_Heat_main_Homepage.Heat_homepage" time="269.970" errors="1" timestamp="2022-06-27T09:27:09 IST" skipped="0">
  <testcase classname="brisbane_Heat_main_Homepage.Heat_homepage" name="VerifyHomePageLinkTest" time="113.831"/>
  <system-out/>
  <testcase classname="brisbane_Heat_main_Homepage.Heat_homepage" name="quit" time="0.278">
    <error message="Cannot read the array length because the return value of &quot;java.io.File.listFiles()&quot; is null" type="java.lang.NullPointerException">
      <![CDATA[java.lang.NullPointerException: Cannot read the array length because the return value of "java.io.File.listFiles()" is null
at com.CA.base.Page.quit(Page.java:203)
at java.base/jdk.internal.reflect.NativeMethodAccessorImpl.invoke0(Native Method)
at java.base/jdk.internal.reflect.NativeMethodAccessorImpl.invoke(NativeMethodAccessorImpl.java:78)
at java.base/jdk.internal.reflect.DelegatingMethodAccessorImpl.invoke(DelegatingMethodAccessorImpl.java:43)
at java.base/java.lang.reflect.Method.invoke(Method.java:567)
at org.testng.internal.MethodInvocationHelper.invokeMethod(MethodInvocationHelper.java:133)
at org.testng.internal.MethodInvocationHelper.invokeMethodConsideringTimeout(MethodInvocationHelper.java:62)
at org.testng.internal.ConfigInvoker.invokeConfigurationMethod(ConfigInvoker.java:385)
at org.testng.internal.ConfigInvoker.invokeConfigurations(ConfigInvoker.java:321)
at org.testng.SuiteRunner.privateRun(SuiteRunner.java:344)
at org.testng.SuiteRunner.run(SuiteRunner.java:276)
at org.testng.SuiteRunnerWorker.runSuite(SuiteRunnerWorker.java:53)
at org.testng.SuiteRunnerWorker.run(SuiteRunnerWorker.java:96)
at org.testng.TestNG.runSuitesSequentially(TestNG.java:1212)
at org.testng.TestNG.runSuitesLocally(TestNG.java:1134)
at org.testng.TestNG.runSuites(TestNG.java:1063)
at org.testng.TestNG.run(TestNG.java:1031)
at org.testng.remote.AbstractRemoteTestNG.run(AbstractRemoteTestNG.java:115)
at org.testng.remote.RemoteTestNG.initAndRun(RemoteTestNG.java:251)
at org.testng.remote.RemoteTestNG.main(RemoteTestNG.java:77)
]]>
    </error>
  </testcase> <!-- quit -->
  <system-out/>
  <testcase classname="brisbane_Heat_main_Homepage.Heat_homepage" name="VerifyHomemiddleLinkTest" time="12.001"/>
  <system-out/>
  <testcase classname="brisbane_Heat_main_Homepage.Heat_homepage" name="VerifyHomemiddleLinkTest2" time="79.862"/>
  <system-out/>
  <testcase classname="brisbane_Heat_main_Homepage.Heat_homepage" name="VerifyHomebelowLinkTest" time="63.998"/>
  <system-out/>
</testsuite> <!-- brisbane_Heat_main_Homepage.Heat_homepage -->
